[    0.000000] Initializing cgroup subsys cpuset
[    0.000000] Initializing cgroup subsys cpu
[    0.000000] Initializing cgroup subsys cpuacct
[    0.000000] Linux version 4.4.0-210-generic (buildd@lgw01-amd64-009) (gcc version 5.4.0 20160609 (Ubuntu 5.4.0-6ubuntu1~16.04.12) ) #242-Ubuntu SMP Fri Apr 16 09:57:56 UTC 2021 (Ubuntu 4.4.0-210.242-generic 4.4.262)
[    0.000000] Command line: BOOT_IMAGE=/boot/vmlinuz-4.4.0-210-generic root=LABEL=cloudimg-rootfs ro console=tty1 console=ttyS0
[    0.000000] KERNEL supported cpus:
[    0.000000]   Intel GenuineIntel
[    0.000000]   AMD AuthenticAMD
[    0.000000]   Centaur CentaurHauls
[    0.000000] x86/fpu: xstate_offset[2]:  576, xstate_sizes[2]:  256
[    0.000000] x86/fpu: Supporting XSAVE feature 0x01: 'x87 floating point registers'
[    0.000000] x86/fpu: Supporting XSAVE feature 0x02: 'SSE registers'
[    0.000000] x86/fpu: Supporting XSAVE feature 0x04: 'AVX registers'
[    0.000000] x86/fpu: Enabled xstate features 0x7, context size is 832 bytes, using 'standard' format.
[    0.000000] e820: BIOS-provided physical RAM map:
[    0.000000] BIOS-e820: [mem 0x0000000000000000-0x000000000009fbff] usable
[    0.000000] BIOS-e820: [mem 0x000000000009fc00-0x000000000009ffff] reserved
[    0.000000] BIOS-e820: [mem 0x00000000000f0000-0x00000000000fffff] reserved
[    0.000000] BIOS-e820: [mem 0x0000000000100000-0x000000003ffeffff] usable
[    0.000000] BIOS-e820: [mem 0x000000003fff0000-0x000000003fffffff] ACPI data
[    0.000000] BIOS-e820: [mem 0x00000000fec00000-0x00000000fec00fff] reserved
[    0.000000] BIOS-e820: [mem 0x00000000fee00000-0x00000000fee00fff] reserved
[    0.000000] BIOS-e820: [mem 0x00000000fffc0000-0x00000000ffffffff] reserved
[    0.000000] NX (Execute Disable) protection: active
[    0.000000] SMBIOS 2.5 present.
[    0.000000] Hypervisor detected: KVM
[    0.000000] e820: last_pfn = 0x3fff0 max_arch_pfn = 0x400000000
[    0.000000] MTRR: Disabled
[    0.000000] x86/PAT: MTRRs disabled, skipping PAT initialization too.
[    0.000000] CPU MTRRs all blank - virtualized system.
[    0.000000] x86/PAT: Configuration [0-7]: WB  WT  UC- UC  WB  WT  UC- UC  
[    0.000000] found SMP MP-table at [mem 0x0009fff0-0x0009ffff] mapped at [ffff88000009fff0]
[    0.000000] Scanning 1 areas for low memory corruption
[    0.000000] RAMDISK: [mem 0x362dc000-0x37165fff]
[    0.000000] ACPI: Early table checksum verification disabled
[    0.000000] ACPI: RSDP 0x00000000000E0000 000024 (v02 VBOX  )
[    0.000000] ACPI: XSDT 0x000000003FFF0030 00003C (v01 VBOX   VBOXXSDT 00000001 ASL  00000061)
[    0.000000] ACPI: FACP 0x000000003FFF00F0 0000F4 (v04 VBOX   VBOXFACP 00000001 ASL  00000061)
[    0.000000] ACPI: DSDT 0x000000003FFF0610 002353 (v02 VBOX   VBOXBIOS 00000002 INTL 20200528)
[    0.000000] ACPI: FACS 0x000000003FFF0200 000040
[    0.000000] ACPI: FACS 0x000000003FFF0200 000040
[    0.000000] ACPI: APIC 0x000000003FFF0240 000054 (v02 VBOX   VBOXAPIC 00000001 ASL  00000061)
[    0.000000] ACPI: SSDT 0x000000003FFF02A0 00036C (v01 VBOX   VBOXCPUT 00000002 INTL 20200528)
[    0.000000] No NUMA configuration found
[    0.000000] Faking a node at [mem 0x0000000000000000-0x000000003ffeffff]
[    0.000000] NODE_DATA(0) allocated [mem 0x3ffeb000-0x3ffeffff]
[    0.000000] kvm-clock: Using msrs 4b564d01 and 4b564d00
[    0.000000] kvm-clock: cpu 0, msr 0:3ffe3001, primary cpu clock
[    0.000000] kvm-clock: using sched offset of 3244931730 cycles
[    0.000000] clocksource: kvm-clock: mask: 0xffffffffffffffff max_cycles: 0x1cd42e4dffb, max_idle_ns: 881590591483 ns
[    0.000000] Zone ranges:
[    0.000000]   DMA      [mem 0x0000000000001000-0x0000000000ffffff]
[    0.000000]   DMA32    [mem 0x0000000001000000-0x000000003ffeffff]
[    0.000000]   Normal   empty
[    0.000000]   Device   empty
[    0.000000] Movable zone start for each node
[    0.000000] Early memory node ranges
[    0.000000]   node   0: [mem 0x0000000000001000-0x000000000009efff]
[    0.000000]   node   0: [mem 0x0000000000100000-0x000000003ffeffff]
[    0.000000] Initmem setup node 0 [mem 0x0000000000001000-0x000000003ffeffff]
[    0.000000] ACPI: PM-Timer IO Port: 0x4008
[    0.000000] IOAPIC[0]: apic_id 1, version 32, address 0xfec00000, GSI 0-23
[    0.000000] ACPI: INT_SRC_OVR (bus 0 bus_irq 0 global_irq 2 dfl dfl)
[    0.000000] ACPI: INT_SRC_OVR (bus 0 bus_irq 9 global_irq 9 low level)
[    0.000000] Using ACPI (MADT) for SMP configuration information
[    0.000000] smpboot: Allowing 1 CPUs, 0 hotplug CPUs
[    0.000000] PM: Registered nosave memory: [mem 0x00000000-0x00000fff]
[    0.000000] PM: Registered nosave memory: [mem 0x0009f000-0x0009ffff]
[    0.000000] PM: Registered nosave memory: [mem 0x000a0000-0x000effff]
[    0.000000] PM: Registered nosave memory: [mem 0x000f0000-0x000fffff]
[    0.000000] e820: [mem 0x40000000-0xfebfffff] available for PCI devices
[    0.000000] Booting paravirtualized kernel on KVM
[    0.000000] clocksource: refined-jiffies: mask: 0xffffffff max_cycles: 0xffffffff, max_idle_ns: 7645519600211568 ns
[    0.000000] setup_percpu: NR_CPUS:512 nr_cpumask_bits:512 nr_cpu_ids:1 nr_node_ids:1
[    0.000000] PERCPU: Embedded 33 pages/cpu @ffff88003fc00000 s95192 r8192 d31784 u2097152
[    0.000000] Built 1 zonelists in Node order, mobility grouping on.  Total pages: 257912
[    0.000000] Policy zone: DMA32
[    0.000000] Kernel command line: BOOT_IMAGE=/boot/vmlinuz-4.4.0-210-generic root=LABEL=cloudimg-rootfs ro console=tty1 console=ttyS0
[    0.000000] PID hash table entries: 4096 (order: 3, 32768 bytes)
[    0.000000] Memory: 997924K/1048120K available (8644K kernel code, 1332K rwdata, 4044K rodata, 1492K init, 1164K bss, 50196K reserved, 0K cma-reserved)
[    0.000000] SLUB: HWalign=64, Order=0-3, MinObjects=0, CPUs=1, Nodes=1
[    0.000000] Kernel/User page tables isolation: enabled
[    0.000000] Hierarchical RCU implementation.
[    0.000000] 	Build-time adjustment of leaf fanout to 64.
[    0.000000] 	RCU restricting CPUs from NR_CPUS=512 to nr_cpu_ids=1.
[    0.000000] RCU: Adjusting geometry for rcu_fanout_leaf=64, nr_cpu_ids=1
[    0.000000] NR_IRQS:33024 nr_irqs:256 16
[    0.000000] Console: colour VGA+ 80x25
[    0.000000] console [tty1] enabled
[    0.000000] console [ttyS0] enabled
[    0.000000] tsc: Detected 2294.330 MHz processor
[    0.347849] Calibrating delay loop (skipped) preset value.. 4588.66 BogoMIPS (lpj=9177320)
[    0.352459] pid_max: default: 32768 minimum: 301
[    0.354978] ACPI: Core revision 20150930
[    0.357983] ACPI: 2 ACPI AML tables successfully acquired and loaded
[    0.361862] Security Framework initialized
[    0.364707] Yama: becoming mindful.
[    0.366707] AppArmor: AppArmor initialized
[    0.369008] Dentry cache hash table entries: 131072 (order: 8, 1048576 bytes)
[    0.373538] Inode-cache hash table entries: 65536 (order: 7, 524288 bytes)
[    0.377476] Mount-cache hash table entries: 2048 (order: 2, 16384 bytes)
[    0.380926] Mountpoint-cache hash table entries: 2048 (order: 2, 16384 bytes)
[    0.385180] Initializing cgroup subsys io
[    0.387394] Initializing cgroup subsys memory
[    0.389757] Initializing cgroup subsys devices
[    0.392150] Initializing cgroup subsys freezer
[    0.395168] Initializing cgroup subsys net_cls
[    0.397562] Initializing cgroup subsys perf_event
[    0.400103] Initializing cgroup subsys net_prio
[    0.402672] Initializing cgroup subsys hugetlb
[    0.405084] Initializing cgroup subsys pids
[    0.409094] mce: CPU supports 0 MCE banks
[    0.411414] process: using mwait in idle threads
[    0.414523] Last level iTLB entries: 4KB 64, 2MB 8, 4MB 8
[    0.417379] Last level dTLB entries: 4KB 64, 2MB 0, 4MB 0, 1GB 4
[    0.420525] Spectre V1 : Mitigation: usercopy/swapgs barriers and __user pointer sanitization
[    0.425341] Spectre V2 : Mitigation: Full generic retpoline
[    0.428226] Spectre V2 : Spectre v2 / SpectreRSB mitigation: Filling RSB on context switch
[    0.432551] Speculative Store Bypass: Vulnerable
[    0.435019] SRBDS: Unknown: Dependent on hypervisor status
[    0.438388] MDS: Mitigation: Clear CPU buffers
[    0.571943] Freeing SMP alternatives memory: 36K
[    0.629747] ftrace: allocating 32380 entries in 127 pages
[    1.025313] smpboot: APIC(0) Converting physical 0 to logical package 0
[    1.028715] smpboot: Max logical packages: 1
[    1.032278] x2apic enabled
[    1.035154] Switched APIC routing to physical x2apic.
[    1.043624] ..TIMER: vector=0x30 apic1=0 pin1=2 apic2=-1 pin2=-1
[    1.154978] APIC calibration not consistent with PM-Timer: 212ms instead of 100ms
[    1.158764] APIC delta adjusted to PM-Timer: 6249989 (13250755)
[    1.161902] smpboot: CPU0: Intel(R) Core(TM) i9-9880H CPU @ 2.30GHz (family: 0x6, model: 0x9e, stepping: 0xd)
[    1.167464] Performance Events: unsupported p6 CPU model 158 no PMU driver, software events only.
[    1.232965] KVM setup paravirtual spinlock
[    1.236009] x86: Booted up 1 node, 1 CPUs
[    1.238303] smpboot: Total of 1 processors activated (4588.66 BogoMIPS)
[    1.242703] devtmpfs: initialized
[    1.246107] evm: security.selinux
[    1.247949] evm: security.SMACK64
[    1.249729] evm: security.SMACK64EXEC
[    1.251668] evm: security.SMACK64TRANSMUTE
[    1.253797] evm: security.SMACK64MMAP
[    1.256497] evm: security.ima
[    1.258153] evm: security.capability
[    1.260216] clocksource: jiffies: mask: 0xffffffff max_cycles: 0xffffffff, max_idle_ns: 7645041785100000 ns
[    1.265201] futex hash table entries: 256 (order: 2, 16384 bytes)
[    1.268488] pinctrl core: initialized pinctrl subsystem
[    1.272097] RTC time: 23:25:31, date: 03/24/23
[    1.274574] NET: Registered protocol family 16
[    1.277026] cpuidle: using governor ladder
[    1.279183] cpuidle: using governor menu
[    1.281295] PCCT header not found.
[    1.283199] ACPI: bus type PCI registered
[    1.285323] acpiphp: ACPI Hot Plug PCI Controller Driver version: 0.5
[    1.288813] PCI: Using configuration type 1 for base access
[    1.292929] ACPI: Added _OSI(Module Device)
[    1.295118] ACPI: Added _OSI(Processor Device)
[    1.297489] ACPI: Added _OSI(3.0 _SCP Extensions)
[    1.299908] ACPI: Added _OSI(Processor Aggregator Device)
[    1.303366] ACPI: Executed 1 blocks of module-level executable AML code
[    1.309311] ACPI: Interpreter enabled
[    1.311270] ACPI: (supports S0 S5)
[    1.313104] ACPI: Using IOAPIC for interrupt routing
[    1.315886] PCI: Using host bridge windows from ACPI; if necessary, use "pci=nocrs" and report a bug
[    1.326671] ACPI: PCI Root Bridge [PCI0] (domain 0000 [bus 00-ff])
[    1.329899] acpi PNP0A03:00: _OSC: OS supports [ASPM ClockPM Segments MSI]
[    1.334285] acpi PNP0A03:00: _OSC: not requesting OS control; OS requires [ExtendedConfig ASPM ClockPM MSI]
[    1.339136] acpi PNP0A03:00: fail to add MMCONFIG information, can't access extended PCI configuration space under this bridge.
[    1.345236] PCI host bridge to bus 0000:00
[    1.347431] pci_bus 0000:00: root bus resource [io  0x0000-0x0cf7 window]
[    1.350775] pci_bus 0000:00: root bus resource [io  0x0d00-0xffff window]
[    1.354135] pci_bus 0000:00: root bus resource [mem 0x000a0000-0x000bffff window]
[    1.357960] pci_bus 0000:00: root bus resource [mem 0x40000000-0xfdffffff window]
[    1.361742] pci_bus 0000:00: root bus resource [bus 00-ff]
[    1.368796] pci 0000:00:01.1: legacy IDE quirk: reg 0x10: [io  0x01f0-0x01f7]
[    1.381753] pci 0000:00:01.1: legacy IDE quirk: reg 0x14: [io  0x03f6]
[    1.384980] pci 0000:00:01.1: legacy IDE quirk: reg 0x18: [io  0x0170-0x0177]
[    1.388584] pci 0000:00:01.1: legacy IDE quirk: reg 0x1c: [io  0x0376]
[    1.420940] pci 0000:00:07.0: quirk: [io  0x4000-0x403f] claimed by PIIX4 ACPI
[    1.424653] pci 0000:00:07.0: quirk: [io  0x4100-0x410f] claimed by PIIX4 SMB
[    1.436926] ACPI: PCI Interrupt Link [LNKA] (IRQs 5 9 10 *11)
[    1.441439] ACPI: PCI Interrupt Link [LNKB] (IRQs 5 9 *10 11)
[    1.445700] ACPI: PCI Interrupt Link [LNKC] (IRQs 5 *9 10 11)
[    1.450031] ACPI: PCI Interrupt Link [LNKD] (IRQs 5 9 10 *11)
[    1.454366] ACPI: Enabled 2 GPEs in block 00 to 07
[    1.457442] vgaarb: setting as boot device: PCI:0000:00:02.0
[    1.460501] vgaarb: device added: PCI:0000:00:02.0,decodes=io+mem,owns=io+mem,locks=none
[    1.464538] vgaarb: loaded
[    1.466045] vgaarb: bridge control possible 0000:00:02.0
[    1.468989] SCSI subsystem initialized
[    1.471204] ACPI: bus type USB registered
[    1.473322] usbcore: registered new interface driver usbfs
[    1.476085] usbcore: registered new interface driver hub
[    1.478833] usbcore: registered new device driver usb
[    1.481548] PCI: Using ACPI for IRQ routing
[    1.484282] NetLabel: Initializing
[    1.486123] NetLabel:  domain hash size = 128
[    1.488446] NetLabel:  protocols = UNLABELED CIPSOv4
[    1.490987] NetLabel:  unlabeled traffic allowed by default
[    1.493849] amd_nb: Cannot enumerate AMD northbridges
[    1.496485] clocksource: Switched to clocksource kvm-clock
[    1.507421] AppArmor: AppArmor Filesystem Enabled
[    1.509966] pnp: PnP ACPI init
[    1.513021] pnp: PnP ACPI: found 3 devices
[    1.521898] clocksource: acpi_pm: mask: 0xffffff max_cycles: 0xffffff, max_idle_ns: 2085701024 ns
[    1.526357] NET: Registered protocol family 2
[    1.528854] TCP established hash table entries: 8192 (order: 4, 65536 bytes)
[    1.532378] TCP bind hash table entries: 8192 (order: 5, 131072 bytes)
[    1.535705] TCP: Hash tables configured (established 8192 bind 8192)
[    1.539021] UDP hash table entries: 512 (order: 2, 16384 bytes)
[    1.541989] UDP-Lite hash table entries: 512 (order: 2, 16384 bytes)
[    1.545203] NET: Registered protocol family 1
[    1.547554] pci 0000:00:00.0: Limiting direct PCI/PCI transfers
[    1.550577] pci 0000:00:01.0: Activating ISA DMA hang workarounds
[    1.553910] Unpacking initramfs...
[    1.765337] Freeing initrd memory: 14888K
[    1.768691] clocksource: tsc: mask: 0xffffffffffffffff max_cycles: 0x211248d56fa, max_idle_ns: 440795274127 ns
[    1.773623] platform rtc_cmos: registered platform RTC device (no PNP device found)
[    1.777513] Scanning for low memory corruption every 60 seconds
[    1.780761] audit: initializing netlink subsys (disabled)
[    1.783521] audit: type=2000 audit(1679700335.780:1): initialized
[    1.786783] Initialise system trusted keyring
[    1.789209] HugeTLB registered 2 MB page size, pre-allocated 0 pages
[    1.793431] zbud: loaded
[    1.795140] VFS: Disk quotas dquot_6.6.0
[    1.797234] VFS: Dquot-cache hash table entries: 512 (order 0, 4096 bytes)
[    1.800899] squashfs: version 4.0 (2009/01/31) Phillip Lougher
[    1.804020] fuse init (API version 7.23)
[    1.806215] Key type big_key registered
[    1.808321] Allocating IMA MOK and blacklist keyrings.
[    1.811352] Key type asymmetric registered
[    1.813507] Asymmetric key parser 'x509' registered
[    1.816024] Block layer SCSI generic (bsg) driver version 0.4 loaded (major 249)
[    1.819851] io scheduler noop registered
[    1.821906] io scheduler deadline registered (default)
[    1.824540] io scheduler cfq registered
[    1.826629] pci_hotplug: PCI Hot Plug PCI Core version: 0.5
[    1.829495] pciehp: PCI Express Hot Plug Controller Driver version: 0.4
[    1.833142] ACPI: AC Adapter [AC] (on-line)
[    1.835363] input: Power Button as /devices/LNXSYSTM:00/LNXPWRBN:00/input/input0
[    1.839166] ACPI: Power Button [PWRF]
[    1.841184] input: Sleep Button as /devices/LNXSYSTM:00/LNXSLPBN:00/input/input1
[    1.844927] ACPI: Sleep Button [SLPF]
[    1.848271] ACPI: Battery Slot [BAT0] (battery present)
[    1.851012] GHES: HEST is not enabled!
[    1.853068] Serial: 8250/16550 driver, 32 ports, IRQ sharing enabled
[    1.880613] 00:02: ttyS0 at I/O 0x3f8 (irq = 4, base_baud = 115200) is a 16550A
[    1.886234] Linux agpgart interface v0.103
[    1.889925] loop: module loaded
[    1.892554] scsi host0: ata_piix
[    1.894398] scsi host1: ata_piix
[    1.896200] ata1: PATA max UDMA/33 cmd 0x1f0 ctl 0x3f6 bmdma 0xd000 irq 14
[    1.899715] ata2: PATA max UDMA/33 cmd 0x170 ctl 0x376 bmdma 0xd008 irq 15
[    1.904500] libphy: Fixed MDIO Bus: probed
[    1.906670] tun: Universal TUN/TAP device driver, 1.6
[    1.909338] tun: (C) 1999-2004 Max Krasnyansky <maxk@qualcomm.com>
[    1.912484] PPP generic driver version 2.4.2
[    1.914756] ehci_hcd: USB 2.0 'Enhanced' Host Controller (EHCI) Driver
[    1.918052] ehci-pci: EHCI PCI platform driver
[    1.920490] ehci-platform: EHCI generic platform driver
[    1.923194] ohci_hcd: USB 1.1 'Open' Host Controller (OHCI) Driver
[    1.926339] ohci-pci: OHCI PCI platform driver
[    1.928753] ohci-platform: OHCI generic platform driver
[    1.931451] uhci_hcd: USB Universal Host Controller Interface driver
[    1.934703] i8042: PNP: PS/2 Controller [PNP0303:PS2K,PNP0f03:PS2M] at 0x60,0x64 irq 1,12
[    1.940788] serio: i8042 KBD port at 0x60,0x64 irq 1
[    1.943417] serio: i8042 AUX port at 0x60,0x64 irq 12
[    1.946133] mousedev: PS/2 mouse device common for all mice
[    1.949745] input: AT Translated Set 2 keyboard as /devices/platform/i8042/serio0/input/input2
[    1.955141] rtc_cmos rtc_cmos: rtc core: registered rtc_cmos as rtc0
[    1.959070] rtc_cmos rtc_cmos: alarms up to one day, 114 bytes nvram
[    1.962270] i2c /dev entries driver
[    1.964345] device-mapper: uevent: version 1.0.3
[    1.966873] device-mapper: ioctl: 4.34.0-ioctl (2015-10-28) initialised: dm-devel@redhat.com
[    1.971280] ledtrig-cpu: registered to indicate activity on CPUs
[    1.974567] NET: Registered protocol family 10
[    1.977013] NET: Registered protocol family 17
[    1.979472] Key type dns_resolver registered
[    1.981894] registered taskstats version 1
[    1.984082] Loading compiled-in X.509 certificates
[    1.987000] Loaded X.509 cert 'Build time autogenerated kernel key: cf00e047681d67edb2720680708b7d9498083038'
[    1.992021] zswap: loaded using pool lzo/zbud
[    1.995724] Key type trusted registered
[    2.000638] Key type encrypted registered
[    2.002773] AppArmor: AppArmor sha1 policy hashing enabled
[    2.005617] ima: No TPM chip found, activating TPM-bypass!
[    2.008430] ima: Allocated hash algorithm: sha1
[    2.010891] evm: HMAC attrs: 0x1
[    2.013210]   Magic number: 15:600:454
[    2.015534] rtc_cmos rtc_cmos: setting system clock to 2023-03-24 23:25:32 UTC (1679700332)
[    2.019947] BIOS EDD facility v0.16 2004-Jun-25, 0 devices found
[    2.023052] EDD information not available.
[    2.101549] Freeing unused kernel memory: 1492K
[    2.104642] Write protecting the kernel read-only data: 14336k
[    2.107927] Freeing unused kernel memory: 1584K
[    2.110584] Freeing unused kernel memory: 52K
Loading, please wait...
starting version 229
[    2.125261] random: udevadm: uninitialized urandom read (16 bytes read, 3 bits of entropy available)
[    2.130294] random: systemd-udevd: uninitialized urandom read (16 bytes read, 3 bits of entropy available)
[    2.135450] random: systemd-udevd: uninitialized urandom read (16 bytes read, 3 bits of entropy available)
[    2.140647] random: udevadm: uninitialized urandom read (16 bytes read, 3 bits of entropy available)
[    2.149734] random: systemd-udevd: uninitialized urandom read (16 bytes read, 3 bits of entropy available)
[    2.154639] random: systemd-udevd: uninitialized urandom read (16 bytes read, 3 bits of entropy available)
[    2.162198] random: udevadm: uninitialized urandom read (16 bytes read, 3 bits of entropy available)
[    2.166879] random: udevadm: uninitialized urandom read (16 bytes read, 3 bits of entropy available)
[    2.172188] random: systemd-udevd: uninitialized urandom read (16 bytes read, 3 bits of entropy available)
[    2.177116] random: systemd-udevd: uninitialized urandom read (16 bytes read, 3 bits of entropy available)
[    2.239547] e1000: Intel(R) PRO/1000 Network Driver - version 7.3.21-k8-NAPI
[    2.243273] e1000: Copyright (c) 1999-2006 Intel Corporation.
[    2.250717] Fusion MPT base driver 3.04.20
[    2.252965] Copyright (c) 1999-2008 LSI Corporation
[    2.301953] AVX2 version of gcm_enc/dec engaged.
[    2.305071] AES CTR mode by8 optimization enabled
[    2.310077] Fusion MPT SPI Host driver 3.04.20
[    2.501520] input: ImExPS/2 Generic Explorer Mouse as /devices/platform/i8042/serio1/input/input4
[    2.754405] e1000 0000:00:03.0 eth0: (PCI:33MHz:32-bit) 02:be:82:6b:cc:1d
[    2.757774] e1000 0000:00:03.0 eth0: Intel(R) PRO/1000 Network Connection
[    2.761910] mptbase: ioc0: Initiating bringup
[    2.835183] ioc0: LSI53C1030 A0: Capabilities={Initiator}
[    3.003962] scsi host2: ioc0: LSI53C1030 A0, FwRev=00000000h, Ports=1, MaxQ=256, IRQ=20
[    3.116655] scsi 2:0:0:0: Direct-Access     VBOX     HARDDISK         1.0  PQ: 0 ANSI: 5
[    3.122507] scsi target2:0:0: Beginning Domain Validation
[    3.128161] scsi target2:0:0: Domain Validation skipping write tests
[    3.131596] scsi target2:0:0: Ending Domain Validation
[    3.134656] scsi target2:0:0: asynchronous
[    3.137659] scsi 2:0:1:0: Direct-Access     VBOX     HARDDISK         1.0  PQ: 0 ANSI: 5
[    3.141983] scsi target2:0:1: Beginning Domain Validation
[    3.167310] scsi target2:0:1: Domain Validation skipping write tests
[    3.173591] scsi target2:0:1: Ending Domain Validation
[    3.186862] scsi target2:0:1: asynchronous
[    3.357985] sd 2:0:0:0: [sda] 83886080 512-byte logical blocks: (42.9 GB/40.0 GiB)
[    3.362006] sd 2:0:0:0: Attached scsi generic sg0 type 0
[    3.365129] sd 2:0:1:0: [sdb] 20480 512-byte logical blocks: (10.5 MB/10.0 MiB)
[    3.369069] sd 2:0:1:0: Attached scsi generic sg1 type 0
[    3.372009] sd 2:0:0:0: [sda] Write Protect is off
[    3.374707] sd 2:0:0:0: [sda] Incomplete mode parameter data
[    3.377694] sd 2:0:0:0: [sda] Assuming drive cache: write through
[    3.381002] sd 2:0:1:0: [sdb] Write Protect is off
[    3.394875] sd 2:0:1:0: [sdb] Incomplete mode parameter data
[    3.397789] sd 2:0:1:0: [sdb] Assuming drive cache: write through
[    3.403114]  sda: sda1
[    3.405603] sd 2:0:0:0: [sda] Attached SCSI disk
[    3.410116] sd 2:0:1:0: [sdb] Attached SCSI disk
[    3.624255] e1000 0000:00:08.0 eth1: (PCI:33MHz:32-bit) 08:00:27:4e:15:42
[    3.627905] e1000 0000:00:08.0 eth1: Intel(R) PRO/1000 Network Connection
[    3.632383] e1000 0000:00:08.0 enp0s8: renamed from eth1
[    3.636981] e1000 0000:00:03.0 enp0s3: renamed from eth0
Begin: Loading essential drivers ... [    5.111169] md: linear personality registered for level -1
[    5.116595] md: multipath personality registered for level -4
[    5.121639] md: raid0 personality registered for level 0
[    5.129972] md: raid1 personality registered for level 1
[    5.212512] raid6: sse2x1   gen() 12841 MB/s
[    5.292499] raid6: sse2x1   xor()  8369 MB/s
[    5.373199] raid6: sse2x2   gen() 17465 MB/s
[    5.453927] raid6: sse2x2   xor() 11603 MB/s
[    5.534054] raid6: sse2x4   gen() 18734 MB/s
[    5.614180] raid6: sse2x4   xor() 11708 MB/s
[    5.684606] raid6: avx2x1   gen() 20836 MB/s
[    5.764950] raid6: avx2x2   gen() 31397 MB/s
[    5.844934] raid6: avx2x4   gen() 34657 MB/s
[    5.847445] raid6: using algorithm avx2x4 gen() 34657 MB/s
[    5.850811] raid6: using avx2x2 recovery algorithm
[    5.855040] xor: automatically using best checksumming function:
[    5.955325]    avx       : 66458.000 MB/sec
[    5.959206] async_tx: api initialized (async)
[    5.981433] md: raid6 personality registered for level 6
[    5.984298] md: raid5 personality registered for level 5
[    5.987182] md: raid4 personality registered for level 4
[    5.999973] md: raid10 personality registered for level 10
done.
Begin: Running /scripts/init-premount ... done.
Begin: Mounting root file system ... Begin: Running /scripts/local-top ... done.
Begin: Running /scripts/local-premount ... [    6.066286] Btrfs loaded
Scanning for Btrfs filesystems
done.
Warning: fsck not present, so skipping root file system
[    6.100220] EXT4-fs (sda1): mounted filesystem with ordered data mode. Opts: (null)
done.
Begin: Running /scripts/local-bottom ... done.
Begin: Running /scripts/init-bottom ... done.
[    6.200022] systemd[1]: systemd 229 running in system mode. (+PAM +AUDIT +SELINUX +IMA +APPARMOR +SMACK +SYSVINIT +UTMP +LIBCRYPTSETUP +GCRYPT +GNUTLS +ACL +XZ -LZ4 +SECCOMP +BLKID +ELFUTILS +KMOD -IDN)
[    6.209574] systemd[1]: Detected virtualization oracle.
[    6.212617] systemd[1]: Detected architecture x86-64.

Welcome to [1mUbuntu 16.04.7 LTS[0m!

[    6.222527] systemd[1]: Set hostname to <ubuntu>.
[    6.228718] systemd[1]: Initializing machine ID from random generator.
[    6.232052] systemd[1]: Installed transient /etc/machine-id file.
[    6.368987] systemd[1]: Started Trigger resolvconf update for networkd DNS.
[[0;32m  OK  [0m] Started Trigger resolvconf update for networkd DNS.
[    6.376768] systemd[1]: Listening on udev Kernel Socket.
[[0;32m  OK  [0m] Listening on udev Kernel Socket.
[    6.382877] systemd[1]: Listening on Syslog Socket.
[[0;32m  OK  [0m] Listening on Syslog Socket.
[    6.388763] systemd[1]: Reached target Swap.
[[0;32m  OK  [0m] Reached target Swap.
[    6.394823] systemd[1]: Started Forward Password Requests to Wall Directory Watch.
[[0;32m  OK  [0m] Started Forward Password Requests to Wall Directory Watch.
[    6.402866] systemd[1]: Listening on LVM2 metadata daemon socket.
[[0;32m  OK  [0m] Listening on LVM2 metadata daemon socket.
[    6.409984] systemd[1]: Listening on /dev/initctl Compatibility Named Pipe.
[[0;32m  OK  [0m] Listening on /dev/initctl Compatibility Named Pipe.
[    6.417455] systemd[1]: Listening on Journal Socket (/dev/log).
[[0;32m  OK  [0m] Listening on Journal Socket (/dev/log).
[    6.424213] systemd[1]: Listening on Journal Socket.
[[0;32m  OK  [0m] Listening on Journal Socket.
[    6.430270] systemd[1]: Listening on Device-mapper event daemon FIFOs.
[[0;32m  OK  [0m] Listening on Device-mapper event daemon FIFOs.
[    6.437544] systemd[1]: Created slice User and Session Slice.
[[0;32m  OK  [0m] Created slice User and Session Slice.
[    6.444681] systemd[1]: Reached target User and Group Name Lookups.
[[0;32m  OK  [0m] Reached target User and Group Name Lookups.
[    6.452030] systemd[1]: Reached target Encrypted Volumes.
[[0;32m  OK  [0m] Reached target Encrypted Volumes.
[    6.458662] systemd[1]: Set up automount Arbitrary Executable File Formats File System Automount Point.
[[0;32m  OK  [0m] Set up automount Arbitrary Executab...ats File System Automount Point.
[    6.467890] systemd[1]: Reached target System Time Synchronized.
[[0;32m  OK  [0m] Reached target System Time Synchronized.
[    6.474632] systemd[1]: Listening on LVM2 poll daemon socket.
[[0;32m  OK  [0m] Listening on LVM2 poll daemon socket.
[    6.481950] systemd[1]: Listening on udev Control Socket.
[[0;32m  OK  [0m[    6.486260] random: nonblocking pool is initialized
] Listening on udev Control Socket.
[    6.491576] systemd[1]: Created slice System Slice.
[[0;32m  OK  [0m] Created slice System Slice.
[    6.498243] systemd[1]: Starting Monitoring of LVM2 mirrors, snapshots etc. using dmeventd or progress polling...
         Starting Monitoring of LVM2 mirrors... dmeventd or progress polling...
[    6.512300] systemd[1]: Mounting POSIX Message Queue File System...
         Mounting POSIX Message Queue File System...
[    6.524885] systemd[1]: Starting Load Kernel Modules...
         Starting Load Kernel Modules...
[    6.542244] systemd[1]: Mounting Huge Pages File System...
         Mounting Huge Pages File System...
[    6.547951] Loading iSCSI transport class v2.0-870.
[    6.553880] systemd[1]: Reached target Slices.
[    6.559774] iscsi: registered transport (tcp)
[[0;32m  OK  [0m] Reached target Slices.
[    6.568202] systemd[1]: Mounting Debug File System...
         Mounting Debug File System...
[    6.580643] systemd[1]: Created slice system-serial\x2dgetty.slice.
[[0;32m  OK  [0m] Created slice system-serial\x2dgetty.slice.
[    6.595996] systemd[1]: Starting Set console keymap...
         Starting Set console keymap...
[    6.608586] systemd[1]: Starting Create list of required static device nodes for the current kernel...
         Starting Create list of required st... nodes for the current kernel...
[    6.629312] systemd[1]: Starting Uncomplicated firewall...
         Starting Uncomplicated firewall...
[    6.638226] systemd[1]: Listening on Journal Audit Socket.
[[0;32m  OK  [0m] Listening on Journal Audit Socket.
[    6.652167] systemd[1]: Starting Journal Service...
         Starting Journal Service...
[    6.666829] systemd[1]: Starting Nameserver information manager...
[    6.675518] iscsi: registered transport (iser)
         Starting Nameserver information manager...
[    6.683029] systemd[1]: Listening on fsck to fsckd communication Socket.
[[0;32m  OK  [0m] Listening on fsck to fsckd communication Socket.
[    6.693150] systemd[1]: Starting File System Check on Root Device...
         Starting File System Check on Root Device...
[    6.707402] systemd[1]: Mounted Huge Pages File System.
[[0;32m  OK  [0m] Mounted Huge Pages File System.
[    6.720337] systemd[1]: Mounted POSIX Message Queue File System.
[[0;32m  OK  [0m] Mounted POSIX Message Queue File System.
[    6.733932] systemd[1]: Mounted Debug File System.
[[0;32m  OK  [0m] Mounted Debug File System.
[    6.743497] systemd[1]: Started Journal Service.
[[0;32m  OK  [0m] Started Journal Service.
[[0;32m  OK  [0m] Started Load Kernel Modules.
[[0;32m  OK  [0m] Started Set console keymap.
[[0;32m  OK  [0m] Started Create list of required sta...ce nodes for the current kernel.
[[0;32m  OK  [0m] Started Uncomplicated firewall.
[[0;32m  OK  [0m] Started File System Check on Root Device.
[[0;32m  OK  [0m] Started Nameserver information manager.
[[0;32m  OK  [0m] Started File System Check Daemon to report status.
[[0;32m  OK  [0m] Started LVM2 metadata daemon.
         Starting Remount Root and Kernel File Systems...
         Starting Create Static Device Nodes in /dev...
[    6.826844] EXT4-fs (sda1): re-mounted. Opts: (null)
         Mounting FUSE Control File System...
         Starting Apply Kernel Variables...
[[0;32m  OK  [0m] Mounted FUSE Control File System.
[[0;32m  OK  [0m] Started Remount Root and Kernel File Systems.
[[0;32m  OK  [0m] Started Create Static Device Nodes in /dev.
[[0;32m  OK  [0m] Started Apply Kernel Variables.
         Starting udev Kernel Device Manager...
         Starting udev Coldplug all Devices...
         Starting Load/Save Random Seed...
         Starting Flush Journal to Persistent Storage...
[[0;32m  OK  [0m] Started Load/Save Random Seed.
[[0;32m  OK  [0m] Started Flush Journal to Persistent Storage.
[[0;32m  OK  [0m] Started udev Kernel Device Manager.
[[0;32m  OK  [0m] Started udev Coldplug all Devices.
[[0;32m  OK  [0m] Started Dispatch Password Requests to Console Directory Watch.
[[0;32m  OK  [0m] Started Monitoring of LVM2 mirrors,...ng dmeventd or progress polling.
[[0;32m  OK  [0m] Reached target Local File Systems (Pre).
[[0;32m  OK  [0m] Reached target Local File Systems.
         Starting Create Volatile Files and Directories...
         Starting Tell Plymouth To Write Out Runtime Data...
         Starting Set console font and keymap...
         Starting Initial cloud-init job (pre-networking)...
         Starting Commit a transient machine-id on disk...
         Starting LSB: AppArmor initialization...
[[0;32m  OK  [0m] Started Create Volatile Files and Directories.
[[0;32m  OK  [0m] Started Tell Plymouth To Write Out Runtime Data.
[[0;32m  OK  [0m] Started Commit a transient machine-id on disk.
         Starting Update UTMP about System Boot/Shutdown...
[[0;32m  OK  [0m] Started Update UTMP about System Boot/Shutdown.
[[0;32m  OK  [0m] Found device /dev/ttyS0.
[[0;32m  OK  [0m] Listening on Load/Save RF Kill Switch Status /dev/rfkill Watch.
[    7.625424] cloud-init[497]: Cloud-init v. 21.1-19-gbad84ad4-0ubuntu1~16.04.2 running 'init-local' at Fri, 24 Mar 2023 23:25:38 +0000. Up 7.13 seconds.
[[0;32m  OK  [0m] Started Initial cloud-init job (pre-networking).
[[0;32m  OK  [0m] Started LSB: AppArmor initialization.
         Starting Load AppArmor profiles managed internally by snapd...
[[0;32m  OK  [0m] Reached target Network (Pre).
         Starting Raise network interfaces...
[[0;32m  OK  [0m] Started Load AppArmor profiles managed internally by snapd.
[[0;32m  OK  [0m] Started Set console font and keymap.
[[0;32m  OK  [0m] Created slice system-getty.slice.
[[0;32m  OK  [0m] Started Raise network interfaces.
[[0;32m  OK  [0m] Reached target Network.
         Starting Initial cloud-init job (metadata service crawler)...
[    9.459742] cloud-init[964]: Cloud-init v. 21.1-19-gbad84ad4-0ubuntu1~16.04.2 running 'init' at Fri, 24 Mar 2023 23:25:40 +0000. Up 9.03 seconds.
[    9.473063] cloud-init[964]: ci-info: ++++++++++++++++++++++++++++++++++++++Net device info+++++++++++++++++++++++++++++++++++++++
[    9.477384] cloud-init[964]: ci-info: +--------+-------+----------------------------+---------------+--------+-------------------+
[    9.492816] cloud-init[964]: ci-info: | Device |   Up  |          Address           |      Mask     | Scope  |     Hw-Address    |
[    9.497616] cloud-init[964]: ci-info: +--------+-------+----------------------------+---------------+--------+-------------------+
[    9.503238] cloud-init[964]: ci-info: | enp0s3 |  True |         10.0.2.15          | 255.255.255.0 | global | 02:be:82:6b:cc:1d |
[[0;32m  OK  [0m] Started Initial cloud-init job (metadata service crawler).
[    9.515979] cloud-init[964]: ci-info: | enp0s3 |  True | fe80::be:82ff:fe6b:cc1d/64 |       .       |  link  | 02:be:82:6b:cc:1d |
[[0;32m  OK  [0m] Reached target System Initialization.
[    9.524685] cloud-init[964]: ci-info: | enp0s8 | False |             .              |       .       |   .    | 08:00:27:4e:15:42 |
         Starting LXD - unix socket.
[[0;32m  OK  [0m] Listening on ACPID Listen Socket.
[    9.535112] cloud-init[964]: ci-info: |   lo   |  True |         127.0.0.1          |   255.0.0.0   |  host  |         .         |
[[0;32m  OK  [0m] Listening on UUID daemon activation socket.
[[0;32m  OK  [0m] Started Daily apt download activities.
[    9.542700] cloud-init[964]: ci-info: |   lo   |  True |          ::1/128           |       .       |  host  |         .         |
[    9.550309] cloud-init[964]: ci-info: +--------+-------+----------------------------+---------------+--------+-------------------+
[[0;32m  OK  [0m] Started ACPI Events Check.
[[0;32m  OK  [0m] Reached target Paths.
         Starting Socket activation for snappy daemon.
[[0;32m  OK  [0m] Listening on D-Bus System Message Bus Socket.[    9.563251] cloud-init[964]: ci-info: +++++++++++++++++++++++++++Route IPv4 info++++++++++++++++++++++++++++
[    9.566283] cloud-init[964]: ci-info: +-------+-------------+----------+---------------+-----------+-------+
[    9.569305] cloud-init[964]: ci-info: | Route | Destination | Gateway  |    Genmask    | Interface | Flags |
[    9.572337] cloud-init
[[0;32m  OK  [0m] Started Ubuntu Advantage update messaging.
[[0;32m  OK  [0m] Started Daily apt upgrade and clean activities.
[[0;32m  OK  [0m] Started Message of the Day.
[[0;32m  OK  [0m] Started Daily Cleanup of Temporary Directories.[964]: ci-info: +-------+-------------+----------+---------------+-----------+-------+
[    9.585272] cloud-init[964]: ci-info: |   0   |   0.0.0.0   | 10.0.2.2 |    0.0.0.0    |   enp0s3  |   UG  |
[    9.588385] cloud-init[964]: ci-info: |   1   |   10.0.2.0  | 0.0.0.0  | 255.255.255.0 |   enp0s3  |   U   |
[    9.591431] cloud-init[964]: ci-info: +-------+-------------+----------+---------------+-----------+-------+
[[0;32m  OK  [0m] Reached target Timers.
[[0;32m  OK  [0m] Reached target Cloud-config availability.
[[0;32m  OK  [0m] Reached target Network is Online.
         Starting iSCSI initiator daemon (iscsid)...
[    9.603383] cloud-init[964]: ci-info: +++++++++++++++++++Route IPv6 info+++++++++++++++++++
[    9.606195] cloud-init[964]: ci-info: +-------+-------------+---------+-----------+-------+
[    9.608955] cloud-init[964]: ci-info: | Route | Destination | Gateway | Interface | Flags |
[    9.611721] cloud-init[964]: 
[[0;32m  OK  [0m] Listening on LXD - unix socket.
[[0;32m  OK  [0m] Listening on Socket activation for snappy daemon.
[[0;32m  OK  [0m] Reached target Sockets.
[[0;32m  OK  [0m] Reached target Basic System.
ci-info: +-------+-------------+---------+-----------+-------+
[    9.628986] cloud-init[964]: ci-info: |   0   |  fe80::/64  |    ::   |   enp0s3  |   U   |[[0;32m  OK  [0m] Started D-Bus System Message Bus.

[    9.638397] cloud-init[964]: ci-info: |   3   |   ff00::/8  |    ::   |   enp0s3  |   U   |
[    9.644362] cloud-init[964]: ci-info: +-------+-------------+---------+-----------+-------+
[    9.650432] cloud-init[964]: Generating public/private rsa key pair.
[    9.655403] cloud-init[964]: Your identification has been saved in /etc/ssh/ssh_host_rsa_key.
[    9.660697] cloud-init[964]: Your public key has been saved in /etc/ssh/ssh_host_rsa_key.pub.
[    9.665667]          Starting Pollinate to seed the pseudo random number generator...
cloud-init[[0;32m  OK  [0m] Started ACPI event daemon.
         Starting /etc/rc.local Compatibility...
[964]: The key fingerprint is:
         Starting LXD - container startup/shutdown...
         Starting Virtualbox guest utils...
[[0;32m  OK  [0m] Started FUSE filesystem for LXC.
         Starting LSB: Record successful boot for GRUB...
         Starting System Logging Service...
[    9.681769] cloud-init[964]: SHA256:hSMZ82fXgi4oSAMXxXwGPdeGLwjB75PLAtvkRlufcLc root@ubuntu-xenial         Starting Snap Daemon...
[[0;32m  OK  [0m] Started Regular background program processing daemon.
         Starting LSB: MD monitoring daemon...
[[0;32m  OK  [0m] Started Deferred execution scheduler.
         Starting Accounts Service...
         Starting Login Service...
[[0;32m  OK  [0m] Started /etc/rc.local Compatibility.
[[0;32m  OK  [0m] Started iSCSI initiator daemon (iscsid).
         Starting Login to default iSCSI targets...
[[0;32m  OK  [0m] Started Login Service.
[[0;32m  OK  [0m] Started Unattended Upgrades Shutdown.

[[0;32m  OK  [0m] Started Login to default iSCSI targets.
[[0;32m  OK  [0m] Reached target Remote File Systems (Pre).
[[0;32m  OK  [0m] Reached target Remote File Systems.
[    9.828590] cloud-init[964]: The key's randomart image is:
[    9.830912] cloud-init[964]: +---[RSA 2048]----+
[    9.833057] cloud-init[964]: |. o*++o  o       |         Starting Permit User Sessions...
         Starting LSB: daemon to balance interrupts for SMP systems...
         Starting LSB: automatic crash report generation...
         Starting LSB: Set the CPU Frequency Scaling governor to "ondemand"...
[[0;32m  OK  [0m] Started System Logging Service.
[[0;32m  OK  [0m] Started Permit User Sessions.
         Starting Hold until boot process finishes up...
         Starting Terminate Plymouth Boot Screen...
[[0;32m  OK  [0m] Started Hold until boot process finishes up.
         Starting Set console scheme...
[[0;32m  OK  [0m] Started Getty on tty1.
[[0;32m  OK  [0m] Started Serial Getty on ttyS0.
[[0;32m  OK  [0m] Reached target Login Prompts.
[[0;32m  OK  [0m] Started Terminate Plymouth Boot Screen.
[[0;32m  OK  [0m] Started Set console scheme.
[[0;32m  OK  [0m] Started LSB: Set the CPU Frequency Scaling governor to "ondemand".
[[0;32m  OK  [0m] Started LSB: MD monitoring daemon.
[[0;32m  OK  [0m] Started LSB: Record successful boot for GRUB.

         Starting Authenticate and Authorize Users to Run Privileged Tasks...
[[0;32m  OK  [0m] Started LSB: daemon to balance interrupts for SMP systems.
[   10.014938] cloud-init[964]: [[0;32m  OK  [0m] Started LSB: automatic crash report generation.
| o  = ==o.o. .   |
[[0;32m  OK  [0m] Started Authenticate and Authorize Users to Run Privileged Tasks.
[[0;32m  OK  [0m] Started Accounts Service.
[   10.056638] cloud-init[964]: |  o  =o++o= o .  |
[   10.074201] cloud-init[[0;32m  OK  [0m] Started LXD - container startup/shutdown.
[964]: | . o  oo.*.. .   |
[   10.098603] cloud-init[964]: |  . ....S..      |
[   10.112557] cloud-init[964]: |  . o.* ...      |
[   10.134359] cloud-init[964]: |   B + * o .     |
[[0;32m  OK  [0m] Started Virtualbox guest utils.
[   10.148374] cloud-init[964]: |  . * o o E      |
[   10.181201] cloud-init[964]: |   . .           |
[   10.186900] cloud-init[964]: +----[SHA256]-----+
[   10.195559] cloud-init[964]: Generating public/private dsa key pair.
[   10.207926] cloud-init[964]: Your identification has been saved in /etc/ssh/ssh_host_dsa_key.
[   10.212483] cloud-init[964]: Your public key has been saved in /etc/ssh/ssh_host_dsa_key.pub.
[   10.235242] cloud-init[964]: The key fingerprint is:
[   10.242925] cloud-init[964]: SHA256:xA0ex/ZPFO5f+Zv5f1PLQ7ZLZTnVwWM+MktFxknNEag root@ubuntu-xenial
[   10.255759] cloud-init[964]: The key's randomart image is:
[   10.259120] cloud-init[964]: +---[DSA 1024]----+
[   10.263196] cloud-init[964]: |        o..   BX=|
[   10.273037] cloud-init[964]: |       o =o  ooB=|
[   10.284224] cloud-init[964]: |        +.....= +|
[   10.303216] cloud-init[964]: |       .   E.=.o+|
[   10.308793] cloud-init[964]: |        S   .o=+=|
[   10.319342] cloud-init[964]: |             ..=*|
[   10.324672] cloud-init[964]: |              +.*|
[   10.332324] cloud-init[964]: |              .*=|
[[0;32m  OK  [0m] Started Snap Daemon.
         Starting Wait until snapd is fully seeded...
[   10.343054] cloud-init[964]: |               =X|
[   10.362965] cloud-init[964]: +----[SHA256]-----+
[   10.378536] cloud-init[964]: Generating public/private ecdsa key pair.
[   10.382773] cloud-init[964]: Your identification has been saved in /etc/ssh/ssh_host_ecdsa_key.
[   10.400070] cloud-init[964]: Your public key has been saved in /etc/ssh/ssh_host_ecdsa_key.pub.
[   10.404964] cloud-init[964]: The key fingerprint is:
[   10.412156] cloud-init[964]: SHA256:sIFlrSke9J5iv5XWCFMEw6yufJjKjsg97fG2aPCy+Yk root@ubuntu-xenial
[   10.420143] cloud-init[964]: The key's randomart image is:
[   10.427594] cloud-init[964]: +---[ECDSA 256]---+
[   10.430728] cloud-init[964]: |     o=o.        |
[   10.436182] cloud-init[964]: |    .+oo.        |
[   10.442689] cloud-init[964]: |   ..ooo.        |
[   10.449388] cloud-init[964]: |    + +=         |
[   10.454717] cloud-init[964]: |   o ++.S        |
[   10.462202] cloud-init[964]: |   .= oo +       |
[   10.468904] cloud-init[964]: | . =++  = .      |
[   10.474136] cloud-init[964]: |= *o++*+         |
[   10.481840] cloud-init[964]: |== EB=o+.        |
[   10.488709] cloud-init[964]: +----[SHA256]-----+
[   10.492479] cloud-init[964]: Generating public/private ed25519 key pair.
[   10.501132] cloud-init[964]: Your identification has been saved in /etc/ssh/ssh_host_ed25519_key.
[   10.506520] cloud-init[964]: Your public key has been saved in /etc/ssh/ssh_host_ed25519_key.pub.
[   10.514639] cloud-init[964]: The key fingerprint is:
[   10.523381] cloud-init[964]: SHA256:GGAElO+VzWX/FG5GLgMuovD9cDYDGW54cBZA9XGhKvw root@ubuntu-xenial
[   10.528609] cloud-init[964]: The key's randomart image is:
[   10.534457] cloud-init[964]: +--[ED25519 256]--+
[   10.543387] cloud-init[964]: | .o=*oo.. o.     |
[   10.550590] cloud-init[964]: |  ....+. ++   o  |
[   10.560581] cloud-init[964]: |   . *.*o+ o + . |
[   10.564369] cloud-init[964]: |  ..o X++ . + *  |
[   10.572430] cloud-init[964]: |   +o*ooS.   B   |
[   10.575630] cloud-init[964]: |    +oo =     .  |
[   10.583930] cloud-init[964]: |      E= o       |
[   10.591505] cloud-init[964]: |        .        |
[   10.599563] cloud-init[964]: |                 |
[   10.607517] cloud-init[964]: +----[SHA256]-----+
[[0;32m  OK  [0m] Started Wait until snapd is fully seeded.
         Starting Apply the settings specified in cloud-config...
[   12.733444] cloud-init[1294]: Generating locales (this might take a while)...
[[0;32m  OK  [0m] Started Pollinate to seed the pseudo random number generator.
         Starting OpenBSD Secure Shell server...
[[0;32m  OK  [0m] Started OpenBSD Secure Shell server.
[[0;32m  OK  [0m] Reached target Multi-User System.
[[0;32m  OK  [0m] Reached target Graphical Interface.
         Starting Update UTMP about System Runlevel Changes...
[[0;32m  OK  [0m] Started Update UTMP about System Runlevel Changes.
[   13.407343] cloud-init[1294]:   en_US.UTF-8... done
[   13.414031] cloud-init[1294]: Generation complete.
[[0;32m  OK  [0m] Created slice User Slice of vagrant.
         Starting User Manager for UID 1000...
[[0;32m  OK  [0m] Started Session 1 of user vagrant.
[[0;32m  OK  [0m] Started User Manager for UID 1000.
[   13.825601] cloud-init[1294]: Cloud-init v. 21.1-19-gbad84ad4-0ubuntu1~16.04.2 running 'modules:config' at Fri, 24 Mar 2023 23:25:44 +0000. Up 12.65 seconds.
[[0;32m  OK  [0m] Started Apply the settings specified in cloud-config.
         Starting Execute cloud user/final scripts...
ci-info: no authorized SSH keys fingerprints found for user ubuntu.
<14>Mar 24 23:25:46 ec2: 
<14>Mar 24 23:25:46 ec2: #############################################################
<14>Mar 24 23:25:46 ec2: -----BEGIN SSH HOST KEY FINGERPRINTS-----
<14>Mar 24 23:25:46 ec2: 1024 SHA256:xA0ex/ZPFO5f+Zv5f1PLQ7ZLZTnVwWM+MktFxknNEag root@ubuntu-xenial (DSA)
<14>Mar 24 23:25:46 ec2: 256 SHA256:sIFlrSke9J5iv5XWCFMEw6yufJjKjsg97fG2aPCy+Yk root@ubuntu-xenial (ECDSA)
<14>Mar 24 23:25:46 ec2: 256 SHA256:GGAElO+VzWX/FG5GLgMuovD9cDYDGW54cBZA9XGhKvw root@ubuntu-xenial (ED25519)
<14>Mar 24 23:25:46 ec2: 2048 SHA256:hSMZ82fXgi4oSAMXxXwGPdeGLwjB75PLAtvkRlufcLc root@ubuntu-xenial (RSA)
<14>Mar 24 23:25:46 ec2: -----END SSH HOST KEY FINGERPRINTS-----
<14>Mar 24 23:25:46 ec2: #############################################################
-----BEGIN SSH HOST KEY KEYS-----
ecdsa-sha2-nistp256 AAAAE2VjZHNhLXNoYTItbmlzdHAyNTYAAAAIbmlzdHAyNTYAAABBBLMifuxWlh6PzUp4OR4heE0y77W3W7zAIahA8Wl+4hcdQEIvQmzJUOzaeSrXxpbrZOUvvgFU81N/nBDnJkWnnzc= root@ubuntu-xenial
ssh-ed25519 AAAAC3NzaC1lZDI1NTE5AAAAIKdWm0Unux9EIW6Mq8q1EIFp3PgTA9dxNrLzeA3VEhmU root@ubuntu-xenial
ssh-rsa AAAAB3NzaC1yc2EAAAADAQABAAABAQDff/QY10hR8lJUNqy+wschfLWfh02nLCIrLxWBvgICESX4yQ0s87Um+h+Wqc234wTVeRQ9d8dr9sszs+fmwo/B7vTZn9CH+sbOzm3nG+y9FWljgrmZbXdoYuPTDmkZazx+F1EiNj5JvJQ1g0Mfi2LxCbjPAFd93cN754YelVRRasMTPH40XIcPuVzMwxe8hmI935si6S5d6w5TI+v+UoIJC80Fm3MqYZMNUiDfjwvTHkYMfPZpwJYDnKHP7qLqiwv9H8LYCKu3YwzExyqyDSsLLFU49ReNnzVE/9Im8KYcAz5hmDJuAcYasSZdbJGbXhsZIPa+mq7PagZijCZ0BNIP root@ubuntu-xenial
-----END SSH HOST KEY KEYS-----
[   14.540319] cloud-init[1425]: Cloud-init v. 21.1-19-gbad84ad4-0ubuntu1~16.04.2 running 'modules:final' at Fri, 24 Mar 2023 23:25:45 +0000. Up 14.29 seconds.
[   14.571077] cloud-init[1425]: ci-info: no authorized SSH keys fingerprints found for user ubuntu.
[   14.590691] cloud-init[1425]: Cloud-init v. 21.1-19-gbad84ad4-0ubuntu1~16.04.2 finished at Fri, 24 Mar 2023 23:25:46 +0000. Datasource DataSourceNoCloud [seed=/dev/sdb][dsmode=net].  Up 14.53 seconds
[[0;32m  OK  [0m] Started Execute cloud user/final scripts.
[[0;32m  OK  [0m] Reached target Cloud-init target.

Ubuntu 16.04.7 LTS ubuntu-xenial ttyS0

ubuntu-xenial login:                                                                                                                                                                                                                                                                                                                                                                         