[    0.000000] Initializing cgroup subsys cpuset
[    0.000000] Initializing cgroup subsys cpu
[    0.000000] Initializing cgroup subsys cpuacct
[    0.000000] Linux version 4.4.0-210-generic (buildd@lgw01-amd64-009) (gcc version 5.4.0 20160609 (Ubuntu 5.4.0-6ubuntu1~16.04.12) ) #242-Ubuntu SMP Fri Apr 16 09:57:56 UTC 2021 (Ubuntu 4.4.0-210.242-generic 4.4.262)
[    0.000000] Command line: BOOT_IMAGE=/boot/vmlinuz-4.4.0-210-generic root=LABEL=cloudimg-rootfs ro console=tty1 console=ttyS0
[    0.000000] KERNEL supported cpus:
[    0.000000]   Intel GenuineIntel
[    0.000000]   AMD AuthenticAMD
[    0.000000]   Centaur CentaurHauls
[    0.000000] x86/fpu: xstate_offset[2]:  576, xstate_sizes[2]:  256
[    0.000000] x86/fpu: Supporting XSAVE feature 0x01: 'x87 floating point registers'
[    0.000000] x86/fpu: Supporting XSAVE feature 0x02: 'SSE registers'
[    0.000000] x86/fpu: Supporting XSAVE feature 0x04: 'AVX registers'
[    0.000000] x86/fpu: Enabled xstate features 0x7, context size is 832 bytes, using 'standard' format.
[    0.000000] e820: BIOS-provided physical RAM map:
[    0.000000] BIOS-e820: [mem 0x0000000000000000-0x000000000009fbff] usable
[    0.000000] BIOS-e820: [mem 0x000000000009fc00-0x000000000009ffff] reserved
[    0.000000] BIOS-e820: [mem 0x00000000000f0000-0x00000000000fffff] reserved
[    0.000000] BIOS-e820: [mem 0x0000000000100000-0x000000003ffeffff] usable
[    0.000000] BIOS-e820: [mem 0x000000003fff0000-0x000000003fffffff] ACPI data
[    0.000000] BIOS-e820: [mem 0x00000000fec00000-0x00000000fec00fff] reserved
[    0.000000] BIOS-e820: [mem 0x00000000fee00000-0x00000000fee00fff] reserved
[    0.000000] BIOS-e820: [mem 0x00000000fffc0000-0x00000000ffffffff] reserved
[    0.000000] NX (Execute Disable) protection: active
[    0.000000] SMBIOS 2.5 present.
[    0.000000] Hypervisor detected: KVM
[    0.000000] e820: last_pfn = 0x3fff0 max_arch_pfn = 0x400000000
[    0.000000] MTRR: Disabled
[    0.000000] x86/PAT: MTRRs disabled, skipping PAT initialization too.
[    0.000000] CPU MTRRs all blank - virtualized system.
[    0.000000] x86/PAT: Configuration [0-7]: WB  WT  UC- UC  WB  WT  UC- UC  
[    0.000000] found SMP MP-table at [mem 0x0009fff0-0x0009ffff] mapped at [ffff88000009fff0]
[    0.000000] Scanning 1 areas for low memory corruption
[    0.000000] RAMDISK: [mem 0x362dc000-0x37165fff]
[    0.000000] ACPI: Early table checksum verification disabled
[    0.000000] ACPI: RSDP 0x00000000000E0000 000024 (v02 VBOX  )
[    0.000000] ACPI: XSDT 0x000000003FFF0030 00003C (v01 VBOX   VBOXXSDT 00000001 ASL  00000061)
[    0.000000] ACPI: FACP 0x000000003FFF00F0 0000F4 (v04 VBOX   VBOXFACP 00000001 ASL  00000061)
[    0.000000] ACPI: DSDT 0x000000003FFF0610 002353 (v02 VBOX   VBOXBIOS 00000002 INTL 20200528)
[    0.000000] ACPI: FACS 0x000000003FFF0200 000040
[    0.000000] ACPI: FACS 0x000000003FFF0200 000040
[    0.000000] ACPI: APIC 0x000000003FFF0240 000054 (v02 VBOX   VBOXAPIC 00000001 ASL  00000061)
[    0.000000] ACPI: SSDT 0x000000003FFF02A0 00036C (v01 VBOX   VBOXCPUT 00000002 INTL 20200528)
[    0.000000] No NUMA configuration found
[    0.000000] Faking a node at [mem 0x0000000000000000-0x000000003ffeffff]
[    0.000000] NODE_DATA(0) allocated [mem 0x3ffeb000-0x3ffeffff]
[    0.000000] kvm-clock: Using msrs 4b564d01 and 4b564d00
[    0.000000] kvm-clock: cpu 0, msr 0:3ffe3001, primary cpu clock
[    0.000000] kvm-clock: using sched offset of 3257026682 cycles
[    0.000000] clocksource: kvm-clock: mask: 0xffffffffffffffff max_cycles: 0x1cd42e4dffb, max_idle_ns: 881590591483 ns
[    0.000000] Zone ranges:
[    0.000000]   DMA      [mem 0x0000000000001000-0x0000000000ffffff]
[    0.000000]   DMA32    [mem 0x0000000001000000-0x000000003ffeffff]
[    0.000000]   Normal   empty
[    0.000000]   Device   empty
[    0.000000] Movable zone start for each node
[    0.000000] Early memory node ranges
[    0.000000]   node   0: [mem 0x0000000000001000-0x000000000009efff]
[    0.000000]   node   0: [mem 0x0000000000100000-0x000000003ffeffff]
[    0.000000] Initmem setup node 0 [mem 0x0000000000001000-0x000000003ffeffff]
[    0.000000] ACPI: PM-Timer IO Port: 0x4008
[    0.000000] IOAPIC[0]: apic_id 1, version 32, address 0xfec00000, GSI 0-23
[    0.000000] ACPI: INT_SRC_OVR (bus 0 bus_irq 0 global_irq 2 dfl dfl)
[    0.000000] ACPI: INT_SRC_OVR (bus 0 bus_irq 9 global_irq 9 low level)
[    0.000000] Using ACPI (MADT) for SMP configuration information
[    0.000000] smpboot: Allowing 1 CPUs, 0 hotplug CPUs
[    0.000000] PM: Registered nosave memory: [mem 0x00000000-0x00000fff]
[    0.000000] PM: Registered nosave memory: [mem 0x0009f000-0x0009ffff]
[    0.000000] PM: Registered nosave memory: [mem 0x000a0000-0x000effff]
[    0.000000] PM: Registered nosave memory: [mem 0x000f0000-0x000fffff]
[    0.000000] e820: [mem 0x40000000-0xfebfffff] available for PCI devices
[    0.000000] Booting paravirtualized kernel on KVM
[    0.000000] clocksource: refined-jiffies: mask: 0xffffffff max_cycles: 0xffffffff, max_idle_ns: 7645519600211568 ns
[    0.000000] setup_percpu: NR_CPUS:512 nr_cpumask_bits:512 nr_cpu_ids:1 nr_node_ids:1
[    0.000000] PERCPU: Embedded 33 pages/cpu @ffff88003fc00000 s95192 r8192 d31784 u2097152
[    0.000000] Built 1 zonelists in Node order, mobility grouping on.  Total pages: 257912
[    0.000000] Policy zone: DMA32
[    0.000000] Kernel command line: BOOT_IMAGE=/boot/vmlinuz-4.4.0-210-generic root=LABEL=cloudimg-rootfs ro console=tty1 console=ttyS0
[    0.000000] PID hash table entries: 4096 (order: 3, 32768 bytes)
[    0.000000] Memory: 997924K/1048120K available (8644K kernel code, 1332K rwdata, 4044K rodata, 1492K init, 1164K bss, 50196K reserved, 0K cma-reserved)
[    0.000000] SLUB: HWalign=64, Order=0-3, MinObjects=0, CPUs=1, Nodes=1
[    0.000000] Kernel/User page tables isolation: enabled
[    0.000000] Hierarchical RCU implementation.
[    0.000000] 	Build-time adjustment of leaf fanout to 64.
[    0.000000] 	RCU restricting CPUs from NR_CPUS=512 to nr_cpu_ids=1.
[    0.000000] RCU: Adjusting geometry for rcu_fanout_leaf=64, nr_cpu_ids=1
[    0.000000] NR_IRQS:33024 nr_irqs:256 16
[    0.000000] Console: colour VGA+ 80x25
[    0.000000] console [tty1] enabled
[    0.000000] console [ttyS0] enabled
[    0.000000] tsc: Detected 2290.592 MHz processor
[    0.342277] Calibrating delay loop (skipped) preset value.. 4581.18 BogoMIPS (lpj=9162368)
[    0.346739] pid_max: default: 32768 minimum: 301
[    0.349182] ACPI: Core revision 20150930
[    0.352231] ACPI: 2 ACPI AML tables successfully acquired and loaded
[    0.356083] Security Framework initialized
[    0.358278] Yama: becoming mindful.
[    0.360230] AppArmor: AppArmor initialized
[    0.363100] Dentry cache hash table entries: 131072 (order: 8, 1048576 bytes)
[    0.367492] Inode-cache hash table entries: 65536 (order: 7, 524288 bytes)
[    0.371430] Mount-cache hash table entries: 2048 (order: 2, 16384 bytes)
[    0.374792] Mountpoint-cache hash table entries: 2048 (order: 2, 16384 bytes)
[    0.378600] Initializing cgroup subsys io
[    0.380745] Initializing cgroup subsys memory
[    0.383743] Initializing cgroup subsys devices
[    0.386090] Initializing cgroup subsys freezer
[    0.388423] Initializing cgroup subsys net_cls
[    0.390840] Initializing cgroup subsys perf_event
[    0.393325] Initializing cgroup subsys net_prio
[    0.395739] Initializing cgroup subsys hugetlb
[    0.398161] Initializing cgroup subsys pids
[    0.402159] mce: CPU supports 0 MCE banks
[    0.404403] process: using mwait in idle threads
[    0.406841] Last level iTLB entries: 4KB 64, 2MB 8, 4MB 8
[    0.409658] Last level dTLB entries: 4KB 64, 2MB 0, 4MB 0, 1GB 4
[    0.413082] Spectre V1 : Mitigation: usercopy/swapgs barriers and __user pointer sanitization
[    0.417387] Spectre V2 : Mitigation: Full generic retpoline
[    0.420242] Spectre V2 : Spectre v2 / SpectreRSB mitigation: Filling RSB on context switch
[    0.425571] Speculative Store Bypass: Vulnerable
[    0.428031] SRBDS: Unknown: Dependent on hypervisor status
[    0.431496] MDS: Mitigation: Clear CPU buffers
[    0.562039] Freeing SMP alternatives memory: 36K
[    0.617616] ftrace: allocating 32380 entries in 127 pages
[    1.002470] smpboot: APIC(0) Converting physical 0 to logical package 0
[    1.006331] smpboot: Max logical packages: 1
[    1.009866] x2apic enabled
[    1.012659] Switched APIC routing to physical x2apic.
[    1.021307] ..TIMER: vector=0x30 apic1=0 pin1=2 apic2=-1 pin2=-1
[    1.132571] APIC calibration not consistent with PM-Timer: 208ms instead of 100ms
[    1.136341] APIC delta adjusted to PM-Timer: 6249989 (13000741)
[    1.139463] smpboot: CPU0: Intel(R) Core(TM) i9-9880H CPU @ 2.30GHz (family: 0x6, model: 0x9e, stepping: 0xd)
[    1.144950] Performance Events: unsupported p6 CPU model 158 no PMU driver, software events only.
[    1.210102] KVM setup paravirtual spinlock
[    1.213047] x86: Booted up 1 node, 1 CPUs
[    1.215256] smpboot: Total of 1 processors activated (4581.18 BogoMIPS)
[    1.219610] devtmpfs: initialized
[    1.222932] evm: security.selinux
[    1.224725] evm: security.SMACK64
[    1.226570] evm: security.SMACK64EXEC
[    1.228565] evm: security.SMACK64TRANSMUTE
[    1.230815] evm: security.SMACK64MMAP
[    1.232767] evm: security.ima
[    1.234418] evm: security.capability
[    1.236501] clocksource: jiffies: mask: 0xffffffff max_cycles: 0xffffffff, max_idle_ns: 7645041785100000 ns
[    1.241875] futex hash table entries: 256 (order: 2, 16384 bytes)
[    1.245064] pinctrl core: initialized pinctrl subsystem
[    1.248122] RTC time: 22:30:39, date: 03/24/23
[    1.250651] NET: Registered protocol family 16
[    1.253338] cpuidle: using governor ladder
[    1.255648] cpuidle: using governor menu
[    1.257719] PCCT header not found.
[    1.259627] ACPI: bus type PCI registered
[    1.261747] acpiphp: ACPI Hot Plug PCI Controller Driver version: 0.5
[    1.266002] PCI: Using configuration type 1 for base access
[    1.270195] ACPI: Added _OSI(Module Device)
[    1.272371] ACPI: Added _OSI(Processor Device)
[    1.274670] ACPI: Added _OSI(3.0 _SCP Extensions)
[    1.277131] ACPI: Added _OSI(Processor Aggregator Device)
[    1.280572] ACPI: Executed 1 blocks of module-level executable AML code
[    1.286608] ACPI: Interpreter enabled
[    1.288590] ACPI: (supports S0 S5)
[    1.290411] ACPI: Using IOAPIC for interrupt routing
[    1.293183] PCI: Using host bridge windows from ACPI; if necessary, use "pci=nocrs" and report a bug
[    1.304044] ACPI: PCI Root Bridge [PCI0] (domain 0000 [bus 00-ff])
[    1.307322] acpi PNP0A03:00: _OSC: OS supports [ASPM ClockPM Segments MSI]
[    1.311257] acpi PNP0A03:00: _OSC: not requesting OS control; OS requires [ExtendedConfig ASPM ClockPM MSI]
[    1.316184] acpi PNP0A03:00: fail to add MMCONFIG information, can't access extended PCI configuration space under this bridge.
[    1.322422] PCI host bridge to bus 0000:00
[    1.324610] pci_bus 0000:00: root bus resource [io  0x0000-0x0cf7 window]
[    1.328098] pci_bus 0000:00: root bus resource [io  0x0d00-0xffff window]
[    1.331530] pci_bus 0000:00: root bus resource [mem 0x000a0000-0x000bffff window]
[    1.335392] pci_bus 0000:00: root bus resource [mem 0x40000000-0xfdffffff window]
[    1.339283] pci_bus 0000:00: root bus resource [bus 00-ff]
[    1.346487] pci 0000:00:01.1: legacy IDE quirk: reg 0x10: [io  0x01f0-0x01f7]
[    1.359808] pci 0000:00:01.1: legacy IDE quirk: reg 0x14: [io  0x03f6]
[    1.363231] pci 0000:00:01.1: legacy IDE quirk: reg 0x18: [io  0x0170-0x0177]
[    1.366937] pci 0000:00:01.1: legacy IDE quirk: reg 0x1c: [io  0x0376]
[    1.400382] pci 0000:00:07.0: quirk: [io  0x4000-0x403f] claimed by PIIX4 ACPI
[    1.404200] pci 0000:00:07.0: quirk: [io  0x4100-0x410f] claimed by PIIX4 SMB
[    1.417229] ACPI: PCI Interrupt Link [LNKA] (IRQs 5 9 10 *11)
[    1.421885] ACPI: PCI Interrupt Link [LNKB] (IRQs 5 9 *10 11)
[    1.426296] ACPI: PCI Interrupt Link [LNKC] (IRQs 5 *9 10 11)
[    1.430660] ACPI: PCI Interrupt Link [LNKD] (IRQs 5 9 10 *11)
[    1.435132] ACPI: Enabled 2 GPEs in block 00 to 07
[    1.438271] vgaarb: setting as boot device: PCI:0000:00:02.0
[    1.441182] vgaarb: device added: PCI:0000:00:02.0,decodes=io+mem,owns=io+mem,locks=none
[    1.445382] vgaarb: loaded
[    1.446986] vgaarb: bridge control possible 0000:00:02.0
[    1.449913] SCSI subsystem initialized
[    1.452003] ACPI: bus type USB registered
[    1.454178] usbcore: registered new interface driver usbfs
[    1.457085] usbcore: registered new interface driver hub
[    1.459828] usbcore: registered new device driver usb
[    1.462582] PCI: Using ACPI for IRQ routing
[    1.465380] NetLabel: Initializing
[    1.467343] NetLabel:  domain hash size = 128
[    1.469642] NetLabel:  protocols = UNLABELED CIPSOv4
[    1.472238] NetLabel:  unlabeled traffic allowed by default
[    1.475147] amd_nb: Cannot enumerate AMD northbridges
[    1.477835] clocksource: Switched to clocksource kvm-clock
[    1.488444] AppArmor: AppArmor Filesystem Enabled
[    1.490963] pnp: PnP ACPI init
[    1.494092] pnp: PnP ACPI: found 3 devices
[    1.503044] clocksource: acpi_pm: mask: 0xffffff max_cycles: 0xffffff, max_idle_ns: 2085701024 ns
[    1.507721] NET: Registered protocol family 2
[    1.510193] TCP established hash table entries: 8192 (order: 4, 65536 bytes)
[    1.513791] TCP bind hash table entries: 8192 (order: 5, 131072 bytes)
[    1.517298] TCP: Hash tables configured (established 8192 bind 8192)
[    1.520605] UDP hash table entries: 512 (order: 2, 16384 bytes)
[    1.523642] UDP-Lite hash table entries: 512 (order: 2, 16384 bytes)
[    1.527032] NET: Registered protocol family 1
[    1.529339] pci 0000:00:00.0: Limiting direct PCI/PCI transfers
[    1.532400] pci 0000:00:01.0: Activating ISA DMA hang workarounds
[    1.535816] Unpacking initramfs...
[    1.747011] Freeing initrd memory: 14888K
[    1.750059] clocksource: tsc: mask: 0xffffffffffffffff max_cycles: 0x21047da1fce, max_idle_ns: 440795228930 ns
[    1.755114] platform rtc_cmos: registered platform RTC device (no PNP device found)
[    1.759950] Scanning for low memory corruption every 60 seconds
[    1.763119] audit: initializing netlink subsys (disabled)
[    1.765874] audit: type=2000 audit(1679697044.170:1): initialized
[    1.769184] Initialise system trusted keyring
[    1.771536] HugeTLB registered 2 MB page size, pre-allocated 0 pages
[    1.775763] zbud: loaded
[    1.777484] VFS: Disk quotas dquot_6.6.0
[    1.779693] VFS: Dquot-cache hash table entries: 512 (order 0, 4096 bytes)
[    1.783304] squashfs: version 4.0 (2009/01/31) Phillip Lougher
[    1.786406] fuse init (API version 7.23)
[    1.788636] Key type big_key registered
[    1.790672] Allocating IMA MOK and blacklist keyrings.
[    1.793716] Key type asymmetric registered
[    1.795848] Asymmetric key parser 'x509' registered
[    1.798370] Block layer SCSI generic (bsg) driver version 0.4 loaded (major 249)
[    1.802238] io scheduler noop registered
[    1.804311] io scheduler deadline registered (default)
[    1.806938] io scheduler cfq registered
[    1.809098] pci_hotplug: PCI Hot Plug PCI Core version: 0.5
[    1.812365] pciehp: PCI Express Hot Plug Controller Driver version: 0.4
[    1.816234] ACPI: AC Adapter [AC] (off-line)
[    1.818477] input: Power Button as /devices/LNXSYSTM:00/LNXPWRBN:00/input/input0
[    1.822841] ACPI: Power Button [PWRF]
[    1.825320] input: Sleep Button as /devices/LNXSYSTM:00/LNXSLPBN:00/input/input1
[    1.829188] ACPI: Sleep Button [SLPF]
[    1.832989] ACPI: Battery Slot [BAT0] (battery present)
[    1.835686] GHES: HEST is not enabled!
[    1.837745] Serial: 8250/16550 driver, 32 ports, IRQ sharing enabled
[    1.865675] 00:02: ttyS0 at I/O 0x3f8 (irq = 4, base_baud = 115200) is a 16550A
[    1.870400] Linux agpgart interface v0.103
[    1.874025] loop: module loaded
[    1.876633] scsi host0: ata_piix
[    1.878439] scsi host1: ata_piix
[    1.880265] ata1: PATA max UDMA/33 cmd 0x1f0 ctl 0x3f6 bmdma 0xd000 irq 14
[    1.883702] ata2: PATA max UDMA/33 cmd 0x170 ctl 0x376 bmdma 0xd008 irq 15
[    1.888404] libphy: Fixed MDIO Bus: probed
[    1.890615] tun: Universal TUN/TAP device driver, 1.6
[    1.893152] tun: (C) 1999-2004 Max Krasnyansky <maxk@qualcomm.com>
[    1.896304] PPP generic driver version 2.4.2
[    1.898584] ehci_hcd: USB 2.0 'Enhanced' Host Controller (EHCI) Driver
[    1.901866] ehci-pci: EHCI PCI platform driver
[    1.904152] ehci-platform: EHCI generic platform driver
[    1.906789] ohci_hcd: USB 1.1 'Open' Host Controller (OHCI) Driver
[    1.909935] ohci-pci: OHCI PCI platform driver
[    1.912277] ohci-platform: OHCI generic platform driver
[    1.914988] uhci_hcd: USB Universal Host Controller Interface driver
[    1.918184] i8042: PNP: PS/2 Controller [PNP0303:PS2K,PNP0f03:PS2M] at 0x60,0x64 irq 1,12
[    1.924140] serio: i8042 KBD port at 0x60,0x64 irq 1
[    1.926661] serio: i8042 AUX port at 0x60,0x64 irq 12
[    1.929296] mousedev: PS/2 mouse device common for all mice
[    1.932867] input: AT Translated Set 2 keyboard as /devices/platform/i8042/serio0/input/input2
[    1.938140] rtc_cmos rtc_cmos: rtc core: registered rtc_cmos as rtc0
[    1.941632] rtc_cmos rtc_cmos: alarms up to one day, 114 bytes nvram
[    1.944778] i2c /dev entries driver
[    1.946668] device-mapper: uevent: version 1.0.3
[    1.949438] device-mapper: ioctl: 4.34.0-ioctl (2015-10-28) initialised: dm-devel@redhat.com
[    1.953628] ledtrig-cpu: registered to indicate activity on CPUs
[    1.956863] NET: Registered protocol family 10
[    1.959260] NET: Registered protocol family 17
[    1.961622] Key type dns_resolver registered
[    1.963978] registered taskstats version 1
[    1.966108] Loading compiled-in X.509 certificates
[    1.968964] Loaded X.509 cert 'Build time autogenerated kernel key: cf00e047681d67edb2720680708b7d9498083038'
[    1.973869] zswap: loaded using pool lzo/zbud
[    1.977498] Key type trusted registered
[    1.982018] Key type encrypted registered
[    1.984145] AppArmor: AppArmor sha1 policy hashing enabled
[    1.986898] ima: No TPM chip found, activating TPM-bypass!
[    1.989664] ima: Allocated hash algorithm: sha1
[    1.992095] evm: HMAC attrs: 0x1
[    1.994397]   Magic number: 15:597:553
[    1.996392] tty ttyS29: hash matches
[    1.998606] rtc_cmos rtc_cmos: setting system clock to 2023-03-24 22:30:40 UTC (1679697040)
[    2.002827] BIOS EDD facility v0.16 2004-Jun-25, 0 devices found
[    2.005832] EDD information not available.
[    2.079898] Freeing unused kernel memory: 1492K
[    2.082285] Write protecting the kernel read-only data: 14336k
[    2.085500] Freeing unused kernel memory: 1584K
[    2.087978] Freeing unused kernel memory: 52K
Loading, please wait...
starting version 229
[    2.102585] random: udevadm: uninitialized urandom read (16 bytes read, 3 bits of entropy available)
[    2.107307] random: udevadm: uninitialized urandom read (16 bytes read, 3 bits of entropy available)
[    2.113227] random: systemd-udevd: uninitialized urandom read (16 bytes read, 3 bits of entropy available)
[    2.118189] random: systemd-udevd: uninitialized urandom read (16 bytes read, 3 bits of entropy available)
[    2.123194] random: systemd-udevd: uninitialized urandom read (16 bytes read, 3 bits of entropy available)
[    2.128095] random: systemd-udevd: uninitialized urandom read (16 bytes read, 3 bits of entropy available)
[    2.139391] random: systemd-udevd: uninitialized urandom read (16 bytes read, 3 bits of entropy available)
[    2.145359] random: udevadm: uninitialized urandom read (16 bytes read, 3 bits of entropy available)
[    2.150033] random: udevadm: uninitialized urandom read (16 bytes read, 3 bits of entropy available)
[    2.154779] random: systemd-udevd: uninitialized urandom read (16 bytes read, 3 bits of entropy available)
[    2.217437] e1000: Intel(R) PRO/1000 Network Driver - version 7.3.21-k8-NAPI
[    2.221130] e1000: Copyright (c) 1999-2006 Intel Corporation.
[    2.228491] Fusion MPT base driver 3.04.20
[    2.230716] Copyright (c) 1999-2008 LSI Corporation
[    2.274531] AVX2 version of gcm_enc/dec engaged.
[    2.277055] AES CTR mode by8 optimization enabled
[    2.280831] Fusion MPT SPI Host driver 3.04.20
[    2.486440] input: ImExPS/2 Generic Explorer Mouse as /devices/platform/i8042/serio1/input/input4
[    2.713057] e1000 0000:00:03.0 eth0: (PCI:33MHz:32-bit) 02:be:82:6b:cc:1d
[    2.716573] e1000 0000:00:03.0 eth0: Intel(R) PRO/1000 Network Connection
[    2.720772] mptbase: ioc0: Initiating bringup
[    2.787317] ioc0: LSI53C1030 A0: Capabilities={Initiator}
[    2.949863] scsi host2: ioc0: LSI53C1030 A0, FwRev=00000000h, Ports=1, MaxQ=256, IRQ=20
[    3.069859] scsi 2:0:0:0: Direct-Access     VBOX     HARDDISK         1.0  PQ: 0 ANSI: 5
[    3.075736] scsi target2:0:0: Beginning Domain Validation
[    3.081411] scsi target2:0:0: Domain Validation skipping write tests
[    3.084967] scsi target2:0:0: Ending Domain Validation
[    3.088137] scsi target2:0:0: asynchronous
[    3.091167] scsi 2:0:1:0: Direct-Access     VBOX     HARDDISK         1.0  PQ: 0 ANSI: 5
[    3.095349] scsi target2:0:1: Beginning Domain Validation
[    3.118947] scsi target2:0:1: Domain Validation skipping write tests
[    3.122204] scsi target2:0:1: Ending Domain Validation
[    3.125042] scsi target2:0:1: asynchronous
[    3.289024] sd 2:0:0:0: [sda] 83886080 512-byte logical blocks: (42.9 GB/40.0 GiB)
[    3.293108] sd 2:0:0:0: Attached scsi generic sg0 type 0
[    3.296234] sd 2:0:1:0: [sdb] 20480 512-byte logical blocks: (10.5 MB/10.0 MiB)
[    3.300298] sd 2:0:1:0: Attached scsi generic sg1 type 0
[    3.303312] sd 2:0:0:0: [sda] Write Protect is off
[    3.306083] sd 2:0:0:0: [sda] Incomplete mode parameter data
[    3.309115] sd 2:0:0:0: [sda] Assuming drive cache: write through
[    3.312564] sd 2:0:1:0: [sdb] Write Protect is off
[    3.315297] sd 2:0:1:0: [sdb] Incomplete mode parameter data
[    3.318315] sd 2:0:1:0: [sdb] Assuming drive cache: write through
[    3.333800]  sda: sda1
[    3.336770] sd 2:0:0:0: [sda] Attached SCSI disk
[    3.340772] sd 2:0:1:0: [sdb] Attached SCSI disk
[    3.589231] e1000 0000:00:08.0 eth1: (PCI:33MHz:32-bit) 08:00:27:13:2a:00
[    3.592661] e1000 0000:00:08.0 eth1: Intel(R) PRO/1000 Network Connection
[    3.597181] e1000 0000:00:08.0 enp0s8: renamed from eth1
[    3.601709] e1000 0000:00:03.0 enp0s3: renamed from eth0
Begin: Loading essential drivers ... [    5.077534] md: linear personality registered for level -1
[    5.082813] md: multipath personality registered for level -4
[    5.088055] md: raid0 personality registered for level 0
[    5.096481] md: raid1 personality registered for level 1
[    5.178365] raid6: sse2x1   gen() 12677 MB/s
[    5.258759] raid6: sse2x1   xor()  8378 MB/s
[    5.339646] raid6: sse2x2   gen() 17644 MB/s
[    5.440012] raid6: sse2x2   xor() 11428 MB/s
[    5.510745] raid6: sse2x4   gen() 16258 MB/s
[    5.590947] raid6: sse2x4   xor() 11392 MB/s
[    5.671060] raid6: avx2x1   gen() 25014 MB/s
[    5.751781] raid6: avx2x2   gen() 32241 MB/s
[    5.821969] raid6: avx2x4   gen() 30559 MB/s
[    5.825263] raid6: using algorithm avx2x2 gen() 32241 MB/s
[    5.828048] raid6: using avx2x2 recovery algorithm
[    5.832239] xor: automatically using best checksumming function:
[    5.933242]    avx       : 66229.000 MB/sec
[    5.937413] async_tx: api initialized (async)
[    5.959634] md: raid6 personality registered for level 6
[    5.962380] md: raid5 personality registered for level 5
[    5.965195] md: raid4 personality registered for level 4
[    5.976833] md: raid10 personality registered for level 10
done.
Begin: Running /scripts/init-premount ... done.
Begin: Mounting root file system ... Begin: Running /scripts/local-top ... done.
Begin: Running /scripts/local-premount ... [    6.039195] Btrfs loaded
Scanning for Btrfs filesystems
done.
Warning: fsck not present, so skipping root file system
[    6.068532] EXT4-fs (sda1): mounted filesystem with ordered data mode. Opts: (null)
done.
Begin: Running /scripts/local-bottom ... done.
Begin: Running /scripts/init-bottom ... done.
[    6.166111] systemd[1]: systemd 229 running in system mode. (+PAM +AUDIT +SELINUX +IMA +APPARMOR +SMACK +SYSVINIT +UTMP +LIBCRYPTSETUP +GCRYPT +GNUTLS +ACL +XZ -LZ4 +SECCOMP +BLKID +ELFUTILS +KMOD -IDN)
[    6.175097] systemd[1]: Detected virtualization oracle.
[    6.177831] systemd[1]: Detected architecture x86-64.

Welcome to [1mUbuntu 16.04.7 LTS[0m!

[    6.186542] systemd[1]: Set hostname to <ubuntu>.
[    6.192014] systemd[1]: Initializing machine ID from random generator.
[    6.195472] systemd[1]: Installed transient /etc/machine-id file.
[    6.328695] systemd[1]: Listening on fsck to fsckd communication Socket.
[[0;32m  OK  [0m] Listening on fsck to fsckd communication Socket.
[    6.335751] systemd[1]: Started Trigger resolvconf update for networkd DNS.
[[0;32m  OK  [0m] Started Trigger resolvconf update for networkd DNS.
[    6.343042] systemd[1]: Set up automount Arbitrary Executable File Formats File System Automount Point.
[[0;32m  OK  [0m] Set up automount Arbitrary Executab...ats File System Automount Point.
[    6.352093] systemd[1]: Created slice User and Session Slice.
[[0;32m  OK  [0m] Created slice User and Session Slice.
[    6.358500] systemd[1]: Reached target Encrypted Volumes.
[[0;32m  OK  [0m] Reached target Encrypted Volumes.
[    6.364606] systemd[1]: Listening on udev Control Socket.
[[0;32m  OK  [0m] Listening on udev Control Socket.
[    6.370794] systemd[1]: Reached target System Time Synchronized.
[[0;32m  OK  [0m] Reached target System Time Synchronized.
[    6.377334] systemd[1]: Listening on Device-mapper event daemon FIFOs.
[[0;32m  OK  [0m] Listening on Device-mapper event daemon FIFOs.
[    6.384195] systemd[1]: Listening on Journal Socket.
[[0;32m  OK  [0m] Listening on Journal Socket.
[    6.390061] systemd[1]: Reached target Swap.
[[0;32m  OK  [0m] Reached target Swap.
[    6.395370] systemd[1]: Reached target User and Group Name Lookups.
[[0;32m  OK  [0m] Reached target User and Group Name Lookups.
[    6.402086] systemd[1]: Listening on udev Kernel Socket.
[[0;32m  OK  [0m] Listening on udev Kernel Socket.
[    6.408411] systemd[1]: Listening on /dev/initctl Compatibility Named Pipe.
[[0;32m  OK  [0m] Listening on /dev/initctl Compatibility Named Pipe.
[    6.416084] systemd[1]: Started Forward Password Requests to Wall Directory Watch.
[[0;32m  OK  [0m] Started Forward Password Requests to Wall Directory Watch.
[    6.423814] systemd[1]: Listening on Syslog Socket.
[[0;32m  OK  [0m] Listening on Syslog Socket.
[    6.429854] systemd[1]: Created slice System Slice.
[[0;32m  OK  [0m] Created slice System Slice.
[    6.435879] systemd[1]: Created slice system-serial\x2dgetty.slice.
[[0;32m  OK  [0m] Created slice system-serial\x2dgetty.slice.
[    6.443093] systemd[1]: Starting Create list of required static device nodes for the current kernel...
         Starting Create list of required st... nodes for the current kernel...
[    6.454067] systemd[1]: Mounting POSIX Message Queue File System...
         Mounting POSIX Message Queue File System...
[    6.463176] systemd[1]: Starting File System Check on Root Device...
         Starting File System Check on Root Device...[    6.470303] random: nonblocking pool is initialized

[    6.481644] systemd[1]: Starting Load Kernel Modules...
         Starting Load Kernel Modules...
[    6.489721] systemd[1]: Reached target Slices.
[    6.500742] Loading iSCSI transport class v2.0-870.
[[0;32m  OK  [0m] Reached target Slices.
[    6.506729] systemd[1]: Mounting Debug File System...
         Mounting Debug File System...
[    6.516703] systemd[1]: Starting Set console keymap...
[    6.520604] iscsi: registered transport (tcp)
         Starting Set console keymap...
[    6.530659] systemd[1]: Listening on Journal Audit Socket.
[[0;32m  OK  [0m] Listening on Journal Audit Socket.
[    6.548071] systemd[1]: Starting Uncomplicated firewall...
         Starting Uncomplicated firewall...
[    6.558990] systemd[1]: Listening on Journal Socket (/dev/log).
[[0;32m  OK  [0m] Listening on Journal Socket (/dev/log).
[    6.571815] systemd[1]: Starting Journal Service...
         Starting Journal Service...
[    6.587731] systemd[1]: Mounting Huge Pages File System...
         Mounting Huge Pages File System...
[    6.596728] systemd[1]: Listening on LVM2 metadata daemon socket.
[[0;32m  OK  [0m] Listening on LVM2 metadata daemon socket.
[    6.612508] systemd[1]: Starting Monitoring of LVM2 mirrors, snapshots etc. using dmeventd or progress polling...
         Starting Monitoring of LVM2 mirrors... dmeventd or progress polling...
[    6.632253] systemd[1]: Listening on LVM2 poll daemon socket.
[[0;32m  OK  [0m] Listening on LVM2 poll daemon socket.
[    6.648485] systemd[1]: Starting Nameserver information manager...
         [    6.657663] iscsi: registered transport (iser)
Starting Nameserver information manager...
[    6.663543] systemd[1]: Mounted Huge Pages File System.
[[0;32m  OK  [0m] Mounted Huge Pages File System.
[    6.672888] systemd[1]: Mounted POSIX Message Queue File System.
[[0;32m  OK  [0m] Mounted POSIX Message Queue File System.
[    6.679999] systemd[1]: Mounted Debug File System.
[[0;32m  OK  [0m] Mounted Debug File System.
[    6.685990] systemd[1]: Started Journal Service.
[[0;32m  OK  [0m] Started Journal Service.
[[0;32m  OK  [0m] Started Create list of required sta...ce nodes for the current kernel.
[[0;32m  OK  [0m] Started File System Check on Root Device.
[[0;32m  OK  [0m] Started Load Kernel Modules.
[[0;32m  OK  [0m] Started Set console keymap.
[[0;32m  OK  [0m] Started Uncomplicated firewall.
[[0;32m  OK  [0m] Started File System Check Daemon to report status.
[[0;32m  OK  [0m] Started LVM2 metadata daemon.
         Starting Apply Kernel Variables...
         Mounting FUSE Control File System...
         Starting Remount Root and Kernel File Systems...
         Starting Create Static Device Nodes in /dev...
[[0;32m  OK  [0m] Mounted FUSE Control File System.
[[0;32m  OK  [0m] Started Nameserver information manager.
[[0;32m  OK  [0m] Started Apply Kernel Variables.
[[0;32m  OK  [0m] Started Remount Root and Kernel File Systems.
[[0;32m  OK  [0m] Started Create Static Device Nodes in /dev.
         Starting udev Kernel Device Manager...
         Starting Load/Save Random Seed...
         Starting udev Coldplug all Devices...
         Starting Flush Journal to Persistent Storage...
[[0;32m  OK  [0m] Started Load/Save Random Seed.
[[0;32m  OK  [0m] Started Flush Journal to Persistent Storage.
[[0;32m  OK  [0m] Started udev Kernel Device Manager.
[[0;32m  OK  [0m] Started Monitoring of LVM2 mirrors,...ng dmeventd or progress polling.
[[0;32m  OK  [0m] Reached target Local File Systems (Pre).
[[0;32m  OK  [0m] Reached target Local File Systems.
         Starting Initial cloud-init job (pre-networking)...
         Starting Set console font and keymap...
         Starting LSB: AppArmor initialization...
         Starting Create Volatile Files and Directories...
         Starting Commit a transient machine-id on disk...
         Starting Tell Plymouth To Write Out Runtime Data...
[[0;32m  OK  [0m] Started udev Coldplug all Devices.
[[0;32m  OK  [0m] Started Commit a transient machine-id on disk.
[[0;32m  OK  [0m] Started Create Volatile Files and Directories.
[[0;32m  OK  [0m] Started Tell Plymouth To Write Out Runtime Data.
         Starting Update UTMP about System Boot/Shutdown...
[[0;32m  OK  [0m] Started Dispatch Password Requests to Console Directory Watch.
[[0;32m  OK  [0m] Started Update UTMP about System Boot/Shutdown.
[[0;32m  OK  [0m] Found device /dev/ttyS0.
[[0;32m  OK  [0m] Listening on Load/Save RF Kill Switch Status /dev/rfkill Watch.
[[0;32m  OK  [0m] Started Initial cloud-init job (pre-networking).
[[0;32m  OK  [0m] Reached target Network (Pre).
[    7.537490] cloud-init[489]: Cloud-init v. 21.1-19-gbad84ad4-0ubuntu1~16.04.2 running 'init-local' at Fri, 24 Mar 2023 22:30:46 +0000. Up 7.03 seconds.
[[0;32m  OK  [0m] Started LSB: AppArmor initialization.
         Starting Raise network interfaces...
         Starting Load AppArmor profiles managed internally by snapd...
[[0;32m  OK  [0m] Started Load AppArmor profiles managed internally by snapd.
[[0;32m  OK  [0m] Started Set console font and keymap.
[[0;32m  OK  [0m] Created slice system-getty.slice.
[[0;32m  OK  [0m] Started Raise network interfaces.
[[0;32m  OK  [0m] Reached target Network.
         Starting Initial cloud-init job (metadata service crawler)...
[    9.325898] cloud-init[967]: Cloud-init v. 21.1-19-gbad84ad4-0ubuntu1~16.04.2 running 'init' at Fri, 24 Mar 2023 22:30:48 +0000. Up 8.99 seconds.
[    9.335446] cloud-init[967]: ci-info: ++++++++++++++++++++++++++++++++++++++Net device info+++++++++++++++++++++++++++++++++++++++
[    9.345215] cloud-init[967]: ci-info: +--------+-------+----------------------------+---------------+--------+-------------------+
[    9.355044] cloud-init[967]: ci-info: | Device |   Up  |          Address           |      Mask     | Scope  |     Hw-Address    |
[    9.359616] cloud-init[967]: ci-info: +--------+-------+----------------------------+---------------+--------+-------------------+
[    9.371919] cloud-init[967]: ci-info: | enp0s3 |  True |         10.0.2.15          | 255.255.255.0 | global | 02:be:82:6b:cc:1d |[[0;32m  OK  [0m] Started Initial cloud-init job (metadata service crawler).
[[0;32m  OK  [0m] Reached target Network is Online.
         Starting iSCSI initiator daemon (iscsid)...
[[0;32m  OK  [0m
[    9.386025] cloud-init[967]: ci-info: | enp0s3 |  True | fe80::be:82ff:fe6b:cc1d/64 |       .       |  link  | 02:be:82:6b:cc:1d |
[    9.389567] cloud-init[967]: ci-info: | enp0s8 | False |             .              |       .       |   .    | 08:00:27:13:2a:00 |
[    9.393067] cloud-init[967]: ci-info: |   lo   |  True |         127.0.0.1          |   255.0.0.0   |  host  |         .         |] Reached target System Initialization.
[[0;32m  OK  [0m] Started Daily Cleanup of Temporary Directories.
[[0;32m  OK  [0m] Started Ubuntu Advantage update messaging.
[[0;32m  OK  [0m] Listening on ACPID Listen Socket.
[    9.406109] cloud-init[967]: ci-info: |   lo   |  True |          ::1/128           |       .       |  host  |         .         |
[[0;32m  OK  [0m] Listening on UUID daemon activation socket.
         
[    9.416914] cloud-init[967]: Starting Socket activation for snappy daemon.
[[0;32m  OK  [0m] Listening on D-Bus System Message Bus Socket.
[[0;32m  OK  [0m] Started Daily apt download activities.
[[0;32m  OK  [0mci-info: +--------+-------+----------------------------+---------------+--------+-------------------+
[    9.429033] cloud-init[967]: ci-info: +++++++++++++++++++++++++++Route IPv4 info++++++++++++++++++++++++++++
[    9.432255] cloud-init[967]: ci-info: +-------+-------------+----------+---------------+-----------+-------+
] Started Daily apt upgrade and clean activities.
         Starting LXD - unix socket.
[    9.438092] cloud-init[967]: ci-info: | Route | Destination | Gateway  |    Genmask    | Interface | Flags |
[[0;32m  OK  [0m] Started ACPI Events Check.
[[0;32m  OK  [0m] Reached target Paths.
[[0;32m  OK  [0m] Started Message of the Day.
[[0;32m  OK  [0m] Reached target Timers.
[[0;32m  OK  [0m] Reached target Cloud-config availability.[    9.444352] cloud-init[967]: ci-info: +-------+-------------+----------+---------------+-----------+-------+
[    9.458675] cloud-init[967]: ci-info: |   0   |   0.0.0.0   | 10.0.2.2 |    0.0.0.0    |   enp0s3  |   UG  |
[    9.461766] cloud-init[967]: ci-info: |   1   |   10.0.2.0  | 0.0.0.0  | 255.255.255.0 |   enp0s3  |   U   |
[    9.464855] cloud-init[967]: 
[[0;32m  OK  [0m] Listening on Socket activation for snappy daemon.
[[0;32m  OK  [0m] Listening on LXD - unix socket.
[[0;32m  OK  [0m] Reached target Sockets.
[[0;32m  OK  [0m] Reached target Basic System.
ci-info: +-------+-------------+----------+---------------+-----------+-------+
[    9.478993] cloud-init[967]: ci-info: +++++++++++++++++++Route IPv6 info+++++++++++++++++++
[    9.481810] cloud-init[967]: ci-info: +-------+-------------+---------+-----------+-------+
[    9.484642] cloud-init[967]: ci-info: | Route | Destination | Gateway | Interface | Flags |         Starting LSB: Record successful boot for GRUB...
[[0;32m  OK  [0m] Started Deferred execution scheduler.
[[0;32m  OK  [0m] Started FUSE filesystem for LXC.
         
[    9.496554] cloud-init[967]: ci-info: +-------+-------------+---------+-----------+-------+
[    9.501482] cloud-init[967]: ci-info: |   0   |  fe80::/64  |    ::   |   enp0s3  |   U   |
Starting Accounts Service...
         Starting Pollinate to seed the pseudo random number generator...
[[0;32m  OK  [0m] Started D-Bus System Message Bus.
[    9.524395] cloud-init[967]: ci-info: |   3   |   ff00::/8  |    ::   |   enp0s3  |   U   |
[    9.555629] cloud-init         Starting System Logging Service...
         Starting Login Service...
         Starting LSB: MD monitoring daemon...
[967]: ci-info: +-------+-------------+---------+-----------+-------+         Starting /etc/rc.local Compatibility...
         Starting Snap Daemon...
         Starting LXD - container startup/shutdown...
[[0;32m  OK  [0m] Started Regular background program processing daemon.
         Starting Virtualbox guest utils...
[[0;32m  OK  [0m] Started ACPI event daemon.
[[0;32m  OK  [0m] Started iSCSI initiator daemon (iscsid).
[[0;32m  OK  [0m] Started /etc/rc.local Compatibility.
         Starting Login to default iSCSI targets...
[[0;32m  OK  [0m] Started Login Service.
[[0;32m  OK  [0m] Started Unattended Upgrades Shutdown.

[[0;32m  OK  [0m] Started LSB: Record successful boot for GRUB.
[[0;32m  OK  [0m] Started Login to default iSCSI targets.
[[0;32m  OK  [0m] Started System Logging Service.
[[0;32m  OK  [0m] Reached target Remote File Systems (Pre).
[[0;32m  OK  [0m] Reached target Remote File Systems.
         Starting LSB: Set the CPU Frequency Scaling governor to "ondemand"...[    9.685783] cloud-init[967]: Generating public/private rsa key pair.
[    9.715386] cloud-init[967]: Your identification has been saved in /etc/ssh/ssh_host_rsa_key.
         Starting LSB: daemon to balance interrupts for SMP systems...
         Starting Permit User Sessions...
         Starting LSB: automatic crash report generation...
         Starting Authenticate and Authorize Users to Run Privileged Tasks...
[[0;32m  OK  [0m] Started Permit User Sessions.
         Starting Terminate Plymouth Boot Screen...
         Starting Hold until boot process finishes up...
[[0;32m  OK  [0m] Started Hold until boot process finishes up.
[[0;32m  OK  [0m] Started Getty on tty1.
         Starting Set console scheme...
[[0;32m  OK  [0m] Started Serial Getty on ttyS0.
[[0;32m  OK  [0m] Reached target Login Prompts.
[[0;32m  OK  [0m] Started LSB: Set the CPU Frequency Scaling governor to "ondemand".
[[0;32m  OK  [0m] Started Terminate Plymouth Boot Screen.
[[0;32m  OK  [0m] Started Set console scheme.
[[0;32m  OK  [0m] Started Authenticate and Authorize Users to Run Privileged Tasks.
[[0;32m  OK  [0m] Started Accounts Service.
[[0;32m  OK  [0m] Started LSB: MD monitoring daemon.

[    9.861785] cloud-init[967]: Your public key has been saved in /etc/ssh/ssh_host_rsa_key.pub.
[[0;32m  OK  [0m] Started LSB: daemon to balance interrupts for SMP systems.
[[0;32m  OK  [0m] Started LSB: automatic crash report generation.
[    9.893909] cloud-init[967]: The key fingerprint is:
[    9.915594] cloud-init[[0;32m  OK  [0m] Started LXD - container startup/shutdown.
[967]: SHA256:r2TBafvuJoKdUM3QlQseybWYgHRO1zCiIY6SalCyQSo root@ubuntu-xenial
[    9.948362] cloud-init[967]: The key's randomart image is:
[    9.967182] cloud-init[967]: +---[RSA 2048]----+
[    9.991537] cloud-init[967]: |+.o.o.=o+*o.     |
[[0;32m  OK  [0m] Started Virtualbox guest utils.
[   10.024753] cloud-init[967]: |.O ..*.+*+o.     |
[   10.032930] cloud-init[967]: |E . . .=oo..     |
[   10.037023] cloud-init[967]: |=     ..+..      |
[   10.040834] cloud-init[967]: |..   .  S        |
[   10.054458] cloud-init[967]: |.   .  . +       |
[   10.063914] cloud-init[967]: |     + .+ .      |
[   10.068579] cloud-init[967]: |    . +o.o.      |
[   10.089817] cloud-init[967]: |       ..=+      |
[   10.094844] cloud-init[967]: +----[SHA256]-----+
[   10.098741] cloud-init[967]: Generating public/private dsa key pair.
[   10.103789] cloud-init[967]: Your identification has been saved in /etc/ssh/ssh_host_dsa_key.
[   10.117058] cloud-init[967]: Your public key has been saved in /etc/ssh/ssh_host_dsa_key.pub.
[   10.124862] cloud-init[967]: The key fingerprint is:
[   10.129340] cloud-init[967]: SHA256:v8BQci4jArubtRdHexlkw6AyhwYPlDtmP5ZO1cri2gk root@ubuntu-xenial
[   10.156659] cloud-init[967]: The key's randomart image is:
[   10.163162] cloud-init[967]: +---[DSA 1024]----+
[   10.168529] cloud-init[967]: |+..   .o         |
[   10.175024] cloud-init[967]: | = . .  =        |
[   10.181277] cloud-init[967]: |. B o ooo.       |
[[0;32m  OK  [0m] Started Snap Daemon.
[   10.185002]          Starting Wait until snapd is fully seeded...cloud-init
[967]: | O + ..*.        |
[   10.210769] cloud-init[967]: |+ + =.=.So       |
[   10.237658] cloud-init[967]: | . O.+o=o.       |
[   10.241241] cloud-init[967]: |.E* oo .o .      |
[   10.244464] cloud-init[967]: | +o+o    . .     |
[   10.249679] cloud-init[967]: |o.o+      .      |
[   10.255239] cloud-init[967]: +----[SHA256]-----+
[   10.263276] cloud-init[967]: Generating public/private ecdsa key pair.
[   10.268388] cloud-init[967]: Your identification has been saved in /etc/ssh/ssh_host_ecdsa_key.
[   10.275113] cloud-init[967]: Your public key has been saved in /etc/ssh/ssh_host_ecdsa_key.pub.
[   10.281102] cloud-init[967]: The key fingerprint is:
[   10.286266] cloud-init[967]: SHA256:BYmb2Q5hi5UN/O+s652J0UJ5PwnfRiDCbAhJq53rlfU root@ubuntu-xenial
[   10.297780] cloud-init[967]: The key's randomart image is:
[   10.303033] cloud-init[967]: +---[ECDSA 256]---+
[   10.307943] cloud-init[967]: |   .oo.=..       |
[   10.313319] cloud-init[967]: |    .oB+o.       |
[   10.318125] cloud-init[967]: |    .+.O= o .    |
[   10.323669] cloud-init[967]: |   o..*.o+ . .   |
[   10.329452] cloud-init[967]: |  . o  oS.o   .  |
[   10.335540] cloud-init[967]: |     . +.+.+ +   |
[   10.342913] cloud-init[967]: |    . o ooE = o  |
[   10.348611] cloud-init[967]: |   . .   =oo o   |
[   10.357842] cloud-init[967]: |    .  .=o+      |
[   10.363764] cloud-init[967]: +----[SHA256]-----+
[   10.368783] cloud-init[967]: Generating public/private ed25519 key pair.
[   10.375287] cloud-init[967]: Your identification has been saved in /etc/ssh/ssh_host_ed25519_key.
[   10.382146] cloud-init[967]: Your public key has been saved in /etc/ssh/ssh_host_ed25519_key.pub.
[   10.390148] cloud-init[967]: The key fingerprint is:
[   10.395769] cloud-init[967]: SHA256:jcJUtq8zeFJsngUS7AwETCkNkCfR7ahzpntnVQ/MFAY root@ubuntu-xenial
[   10.406116] cloud-init[967]: The key's randomart image is:
[   10.423019] cloud-init[967]: +--[ED25519 256]--+
[   10.426199] cloud-init[967]: |=Oo=..E.=.       |
[   10.429380] cloud-init[967]: |+ * o .=..       |
[   10.437710] cloud-init[967]: | + o +o+o        |
[   10.442184] cloud-init[967]: |  . .ooo==       |
[   10.445729] cloud-init[967]: | .    o.So+      |
[   10.449403] cloud-init[967]: |o o   .* +.      |
[   10.452637] cloud-init[967]: | =   .o B        |
[   10.455796] cloud-init[967]: |. . o  o o       |
[   10.458945] cloud-init[967]: |.o o             |
[   10.462172] cloud-init[967]: +----[SHA256]-----+
[[0;32m  OK  [0m] Started Pollinate to seed the pseudo random number generator.
         Starting OpenBSD Secure Shell server...
[[0;32m  OK  [0m] Started OpenBSD Secure Shell server.
[[0;32m  OK  [0m] Created slice User Slice of vagrant.
[[0;32m  OK  [0m] Started Session 1 of user vagrant.
         Starting User Manager for UID 1000...
[[0;32m  OK  [0m] Started User Manager for UID 1000.
[[0;32m  OK  [0m] Started Wait until snapd is fully seeded.
         Starting Apply the settings specified in cloud-config...
[[0;32m  OK  [0m] Reached target Multi-User System.
[[0;32m  OK  [0m] Reached target Graphical Interface.
         Starting Update UTMP about System Runlevel Changes...
[[0;32m  OK  [0m] Started Update UTMP about System Runlevel Changes.
[   12.968647] cloud-init[1424]: Generating locales (this might take a while)...
         Stopping User Manager for UID 1000...
[[0;32m  OK  [0m] Stopped User Manager for UID 1000.
[[0;32m  OK  [0m] Removed slice User Slice of vagrant.
[   13.987378] cloud-init[1424]:   en_US.UTF-8... done
[   13.991213] cloud-init[1424]: Generation complete.
[[0;32m  OK  [0m] Created slice User Slice of vagrant.
         Starting User Manager for UID 1000...
[[0;32m  OK  [0m] Started User Manager for UID 1000.
[[0;32m  OK  [0m] Started Session 2 of user vagrant.
[   14.304334] cloud-init[1424]: Cloud-init v. 21.1-19-gbad84ad4-0ubuntu1~16.04.2 running 'modules:config' at Fri, 24 Mar 2023 22:30:52 +0000. Up 12.77 seconds.
[[0;32m  OK  [0m] Started Apply the settings specified in cloud-config.
         Starting Execute cloud user/final scripts...
ci-info: no authorized SSH keys fingerprints found for user ubuntu.
<14>Mar 24 22:30:54 ec2: 
<14>Mar 24 22:30:54 ec2: #############################################################
<14>Mar 24 22:30:54 ec2: -----BEGIN SSH HOST KEY FINGERPRINTS-----
<14>Mar 24 22:30:54 ec2: 1024 SHA256:v8BQci4jArubtRdHexlkw6AyhwYPlDtmP5ZO1cri2gk root@ubuntu-xenial (DSA)
<14>Mar 24 22:30:54 ec2: 256 SHA256:BYmb2Q5hi5UN/O+s652J0UJ5PwnfRiDCbAhJq53rlfU root@ubuntu-xenial (ECDSA)
<14>Mar 24 22:30:54 ec2: 256 SHA256:jcJUtq8zeFJsngUS7AwETCkNkCfR7ahzpntnVQ/MFAY root@ubuntu-xenial (ED25519)
<14>Mar 24 22:30:54 ec2: 2048 SHA256:r2TBafvuJoKdUM3QlQseybWYgHRO1zCiIY6SalCyQSo root@ubuntu-xenial (RSA)
<14>Mar 24 22:30:54 ec2: -----END SSH HOST KEY FINGERPRINTS-----
<14>Mar 24 22:30:54 ec2: #############################################################
-----BEGIN SSH HOST KEY KEYS-----
ecdsa-sha2-nistp256 AAAAE2VjZHNhLXNoYTItbmlzdHAyNTYAAAAIbmlzdHAyNTYAAABBBBdyMAPtpeUF8j9+iiGf2DsBhsSbioa6EhH9rhCdJP+q0+5gv5EpfzX02uzaP97GbNrxIO+vL1emQsEwlSBo7b4= root@ubuntu-xenial
ssh-ed25519 AAAAC3NzaC1lZDI1NTE5AAAAIIDkKlOJXI+zLbGQ0GvKjrBwPmpT4Sf5ZU7kgzsOIQFK root@ubuntu-xenial
ssh-rsa AAAAB3NzaC1yc2EAAAADAQABAAABAQDGZoL2azHzWXVUVnyCGsPVXw37c9bUzOn4A84ZeFwP7avRzive9R9o2oe8BkM3ToqY0hJaTbKV5OiTOZgE5yvKdxMcixRDFBuqDTWYGxF1vlKeLA7EquU7TvB0GkkbdUIrVocALkCawx5iZ2XF5QFo6inNuzZ9jLW9t4ttAw/+6yehWoQU5gKpFWnVXuTxvW0ug2jOTehvdROpD9sX9zsjB0VhPLR74xcBAgq0gGE4Pzh3Iq9N2IvroMsV+NvBdM/B9e1vNE/JEPt/0dCmGpGMdTM7UKp3ST7GkV6VzHQJ1yzIW5UuaPplX7deVeXb7MUtMlucml2bi+xSntI2wgpr root@ubuntu-xenial
-----END SSH HOST KEY KEYS-----
[   14.706980] cloud-init[1660]: Cloud-init v. 21.1-19-gbad84ad4-0ubuntu1~16.04.2 running 'modules:final' at Fri, 24 Mar 2023 22:30:54 +0000. Up 14.54 seconds.
[   14.718464] cloud-init[1660]: ci-info: no authorized SSH keys fingerprints found for user ubuntu.
[   14.730548] cloud-init[1660]: Cloud-init v. 21.1-19-gbad84ad4-0ubuntu1~16.04.2 finished at Fri, 24 Mar 2023 22:30:54 +0000. Datasource DataSourceNoCloud [seed=/dev/sdb][dsmode=net].  Up 14.70 seconds
[[0;32m  OK  [0m] Started Execute cloud user/final scripts.
[[0;32m  OK  [0m] Reached target Cloud-init target.

Ubuntu 16.04.7 LTS ubuntu-xenial ttyS0

ubuntu-xenial login: 